# Logfile created on 2014-02-25 12:29:17 +0000 by logger.rb/36483
I, [2014-02-25T12:29:17.647898 #3608]  INFO -- : 0:  addressable (2.3.5) from /Users/duncan/.rbenv/versions/2.0.0-p247/lib/ruby/gems/2.0.0/specifications/addressable-2.3.5.gemspec
I, [2014-02-25T12:29:17.648406 #3608]  INFO -- : 0:  atomic (1.1.14) from /Users/duncan/.rbenv/versions/2.0.0-p247/lib/ruby/gems/2.0.0/specifications/atomic-1.1.14.gemspec
I, [2014-02-25T12:29:19.039967 #3608]  INFO -- : 0:  buftok (0.2.0) from /Users/duncan/.rbenv/versions/2.0.0-p247/lib/ruby/gems/2.0.0/specifications/buftok-0.2.0.gemspec
I, [2014-02-25T12:29:20.517629 #3608]  INFO -- : 0:  equalizer (0.0.9) from /Users/duncan/.rbenv/versions/2.0.0-p247/lib/ruby/gems/2.0.0/specifications/equalizer-0.0.9.gemspec
I, [2014-02-25T12:29:21.766853 #3608]  INFO -- : 0:  multipart-post (2.0.0) from /Users/duncan/.rbenv/versions/2.0.0-p247/lib/ruby/gems/2.0.0/specifications/multipart-post-2.0.0.gemspec
I, [2014-02-25T12:29:23.141616 #3608]  INFO -- : 0:  faraday (0.9.0) from /Users/duncan/.rbenv/versions/2.0.0-p247/lib/ruby/gems/2.0.0/specifications/faraday-0.9.0.gemspec
I, [2014-02-25T12:29:27.111183 #3608]  INFO -- : 0:  http_parser.rb (0.6.0) from /Users/duncan/.rbenv/versions/2.0.0-p247/lib/ruby/gems/2.0.0/specifications/http_parser.rb-0.6.0.gemspec
I, [2014-02-25T12:29:28.372119 #3608]  INFO -- : 0:  http (0.5.0) from /Users/duncan/.rbenv/versions/2.0.0-p247/lib/ruby/gems/2.0.0/specifications/http-0.5.0.gemspec
I, [2014-02-25T12:29:28.372678 #3608]  INFO -- : 0:  json (1.8.1) from /Users/duncan/.rbenv/versions/2.0.0-p247/lib/ruby/gems/2.0.0/specifications/json-1.8.1.gemspec
I, [2014-02-25T12:29:28.373080 #3608]  INFO -- : 0:  thread_safe (0.1.3) from /Users/duncan/.rbenv/versions/2.0.0-p247/lib/ruby/gems/2.0.0/specifications/thread_safe-0.1.3.gemspec
I, [2014-02-25T12:29:29.725695 #3608]  INFO -- : 0:  memoizable (0.4.0) from /Users/duncan/.rbenv/versions/2.0.0-p247/lib/ruby/gems/2.0.0/specifications/memoizable-0.4.0.gemspec
I, [2014-02-25T12:29:31.168167 #3608]  INFO -- : 0:  naught (1.0.0) from /Users/duncan/.rbenv/versions/2.0.0-p247/lib/ruby/gems/2.0.0/specifications/naught-1.0.0.gemspec
I, [2014-02-25T12:29:32.286697 #3608]  INFO -- : 0:  simple_oauth (0.2.0) from /Users/duncan/.rbenv/versions/2.0.0-p247/lib/ruby/gems/2.0.0/specifications/simple_oauth-0.2.0.gemspec
I, [2014-02-25T12:29:34.198761 #3608]  INFO -- : 0:  twitter (5.7.1) from /Users/duncan/.rbenv/versions/2.0.0-p247/lib/ruby/gems/2.0.0/specifications/twitter-5.7.1.gemspec
I, [2014-02-25T12:29:34.199388 #3608]  INFO -- : 0:  bundler (1.5.1) from /Users/duncan/.rbenv/versions/2.0.0-p247/lib/ruby/gems/2.0.0/specifications/bundler-1.5.1.gemspec
I, [2014-02-25T14:13:16.458373 #4849]  INFO -- : 0:  rake (10.1.1) from /Users/duncan/.rbenv/versions/2.0.0-p247/lib/ruby/gems/2.0.0/specifications/rake-10.1.1.gemspec
I, [2014-02-25T14:13:16.459273 #4849]  INFO -- : 0:  i18n (0.6.9) from /Users/duncan/.rbenv/versions/2.0.0-p247/lib/ruby/gems/2.0.0/specifications/i18n-0.6.9.gemspec
I, [2014-02-25T14:13:16.459602 #4849]  INFO -- : 0:  multi_json (1.8.4) from /Users/duncan/.rbenv/versions/2.0.0-p247/lib/ruby/gems/2.0.0/specifications/multi_json-1.8.4.gemspec
I, [2014-02-25T14:13:18.318683 #4849]  INFO -- : 0:  activesupport (3.2.17) from /Users/duncan/.rbenv/versions/2.0.0-p247/lib/ruby/gems/2.0.0/specifications/activesupport-3.2.17.gemspec
I, [2014-02-25T14:13:19.720259 #4849]  INFO -- : 0:  builder (3.0.4) from /Users/duncan/.rbenv/versions/2.0.0-p247/lib/ruby/gems/2.0.0/specifications/builder-3.0.4.gemspec
I, [2014-02-25T14:13:20.952572 #4849]  INFO -- : 0:  activemodel (3.2.17) from /Users/duncan/.rbenv/versions/2.0.0-p247/lib/ruby/gems/2.0.0/specifications/activemodel-3.2.17.gemspec
I, [2014-02-25T14:13:20.953096 #4849]  INFO -- : 0:  erubis (2.7.0) from /Users/duncan/.rbenv/versions/2.0.0-p247/lib/ruby/gems/2.0.0/specifications/erubis-2.7.0.gemspec
I, [2014-02-25T14:13:22.429933 #4849]  INFO -- : 0:  journey (1.0.4) from /Users/duncan/.rbenv/versions/2.0.0-p247/lib/ruby/gems/2.0.0/specifications/journey-1.0.4.gemspec
I, [2014-02-25T14:13:24.128308 #4849]  INFO -- : 0:  rack (1.4.5) from /Users/duncan/.rbenv/versions/2.0.0-p247/lib/ruby/gems/2.0.0/specifications/rack-1.4.5.gemspec
I, [2014-02-25T14:13:25.754402 #4849]  INFO -- : 0:  rack-cache (1.2) from /Users/duncan/.rbenv/versions/2.0.0-p247/lib/ruby/gems/2.0.0/specifications/rack-cache-1.2.gemspec
I, [2014-02-25T14:13:25.755074 #4849]  INFO -- : 0:  rack-test (0.6.2) from /Users/duncan/.rbenv/versions/2.0.0-p247/lib/ruby/gems/2.0.0/specifications/rack-test-0.6.2.gemspec
I, [2014-02-25T14:13:25.755561 #4849]  INFO -- : 0:  hike (1.2.3) from /Users/duncan/.rbenv/versions/2.0.0-p247/lib/ruby/gems/2.0.0/specifications/hike-1.2.3.gemspec
I, [2014-02-25T14:13:25.756008 #4849]  INFO -- : 0:  tilt (1.4.1) from /Users/duncan/.rbenv/versions/2.0.0-p247/lib/ruby/gems/2.0.0/specifications/tilt-1.4.1.gemspec
I, [2014-02-25T14:13:27.073640 #4849]  INFO -- : 0:  sprockets (2.2.2) from /Users/duncan/.rbenv/versions/2.0.0-p247/lib/ruby/gems/2.0.0/specifications/sprockets-2.2.2.gemspec
I, [2014-02-25T14:13:28.920273 #4849]  INFO -- : 0:  actionpack (3.2.17) from /Users/duncan/.rbenv/versions/2.0.0-p247/lib/ruby/gems/2.0.0/specifications/actionpack-3.2.17.gemspec
I, [2014-02-25T14:13:30.308511 #4849]  INFO -- : 0:  arel (3.0.3) from /Users/duncan/.rbenv/versions/2.0.0-p247/lib/ruby/gems/2.0.0/specifications/arel-3.0.3.gemspec
I, [2014-02-25T14:13:30.309023 #4849]  INFO -- : 0:  tzinfo (0.3.38) from /Users/duncan/.rbenv/versions/2.0.0-p247/lib/ruby/gems/2.0.0/specifications/tzinfo-0.3.38.gemspec
I, [2014-02-25T14:13:32.050354 #4849]  INFO -- : 0:  activerecord (3.2.17) from /Users/duncan/.rbenv/versions/2.0.0-p247/lib/ruby/gems/2.0.0/specifications/activerecord-3.2.17.gemspec
I, [2014-02-25T14:13:32.050800 #4849]  INFO -- : 0:  addressable (2.3.5) from /Users/duncan/.rbenv/versions/2.0.0-p247/lib/ruby/gems/2.0.0/specifications/addressable-2.3.5.gemspec
I, [2014-02-25T14:13:32.051099 #4849]  INFO -- : 0:  atomic (1.1.14) from /Users/duncan/.rbenv/versions/2.0.0-p247/lib/ruby/gems/2.0.0/specifications/atomic-1.1.14.gemspec
I, [2014-02-25T14:13:34.620860 #4849]  INFO -- : 0:  bcrypt (3.1.7) from /Users/duncan/.rbenv/versions/2.0.0-p247/lib/ruby/gems/2.0.0/specifications/bcrypt-3.1.7.gemspec
I, [2014-02-25T14:13:35.901140 #4849]  INFO -- : 0:  bcrypt-ruby (3.1.5) from /Users/duncan/.rbenv/versions/2.0.0-p247/lib/ruby/gems/2.0.0/specifications/bcrypt-ruby-3.1.5.gemspec
I, [2014-02-25T14:13:35.901583 #4849]  INFO -- : 0:  buftok (0.2.0) from /Users/duncan/.rbenv/versions/2.0.0-p247/lib/ruby/gems/2.0.0/specifications/buftok-0.2.0.gemspec
I, [2014-02-25T14:13:37.796255 #4849]  INFO -- : 0:  dm-core (1.2.1) from /Users/duncan/.rbenv/versions/2.0.0-p247/lib/ruby/gems/2.0.0/specifications/dm-core-1.2.1.gemspec
I, [2014-02-25T14:13:39.050793 #4849]  INFO -- : 0:  dm-aggregates (1.2.0) from /Users/duncan/.rbenv/versions/2.0.0-p247/lib/ruby/gems/2.0.0/specifications/dm-aggregates-1.2.0.gemspec
I, [2014-02-25T14:13:40.293119 #4849]  INFO -- : 0:  dm-constraints (1.2.0) from /Users/duncan/.rbenv/versions/2.0.0-p247/lib/ruby/gems/2.0.0/specifications/dm-constraints-1.2.0.gemspec
I, [2014-02-25T14:13:41.744897 #4849]  INFO -- : 0:  dm-migrations (1.2.0) from /Users/duncan/.rbenv/versions/2.0.0-p247/lib/ruby/gems/2.0.0/specifications/dm-migrations-1.2.0.gemspec
I, [2014-02-25T14:13:43.207637 #4849]  INFO -- : 0:  fastercsv (1.5.5) from /Users/duncan/.rbenv/versions/2.0.0-p247/lib/ruby/gems/2.0.0/specifications/fastercsv-1.5.5.gemspec
I, [2014-02-25T14:13:43.208257 #4849]  INFO -- : 0:  json (1.8.1) from /Users/duncan/.rbenv/versions/2.0.0-p247/lib/ruby/gems/2.0.0/specifications/json-1.8.1.gemspec
I, [2014-02-25T14:13:44.702760 #4849]  INFO -- : 0:  json_pure (1.8.1) from /Users/duncan/.rbenv/versions/2.0.0-p247/lib/ruby/gems/2.0.0/specifications/json_pure-1.8.1.gemspec
I, [2014-02-25T14:13:46.016275 #4849]  INFO -- : 0:  dm-serializer (1.2.2) from /Users/duncan/.rbenv/versions/2.0.0-p247/lib/ruby/gems/2.0.0/specifications/dm-serializer-1.2.2.gemspec
I, [2014-02-25T14:13:47.380840 #4849]  INFO -- : 0:  dm-timestamps (1.2.0) from /Users/duncan/.rbenv/versions/2.0.0-p247/lib/ruby/gems/2.0.0/specifications/dm-timestamps-1.2.0.gemspec
I, [2014-02-25T14:13:48.688657 #4849]  INFO -- : 0:  dm-transactions (1.2.0) from /Users/duncan/.rbenv/versions/2.0.0-p247/lib/ruby/gems/2.0.0/specifications/dm-transactions-1.2.0.gemspec
I, [2014-02-25T14:13:50.333546 #4849]  INFO -- : 0:  stringex (1.5.1) from /Users/duncan/.rbenv/versions/2.0.0-p247/lib/ruby/gems/2.0.0/specifications/stringex-1.5.1.gemspec
I, [2014-02-25T14:13:50.334174 #4849]  INFO -- : 0:  uuidtools (2.1.4) from /Users/duncan/.rbenv/versions/2.0.0-p247/lib/ruby/gems/2.0.0/specifications/uuidtools-2.1.4.gemspec
I, [2014-02-25T14:13:51.807363 #4849]  INFO -- : 0:  dm-types (1.2.2) from /Users/duncan/.rbenv/versions/2.0.0-p247/lib/ruby/gems/2.0.0/specifications/dm-types-1.2.2.gemspec
I, [2014-02-25T14:13:53.282812 #4849]  INFO -- : 0:  dm-validations (1.2.0) from /Users/duncan/.rbenv/versions/2.0.0-p247/lib/ruby/gems/2.0.0/specifications/dm-validations-1.2.0.gemspec
I, [2014-02-25T14:13:54.567056 #4849]  INFO -- : 0:  datamapper (1.2.0) from /Users/duncan/.rbenv/versions/2.0.0-p247/lib/ruby/gems/2.0.0/specifications/datamapper-1.2.0.gemspec
I, [2014-02-25T14:13:54.567595 #4849]  INFO -- : 0:  equalizer (0.0.9) from /Users/duncan/.rbenv/versions/2.0.0-p247/lib/ruby/gems/2.0.0/specifications/equalizer-0.0.9.gemspec
I, [2014-02-25T14:13:54.567982 #4849]  INFO -- : 0:  multipart-post (2.0.0) from /Users/duncan/.rbenv/versions/2.0.0-p247/lib/ruby/gems/2.0.0/specifications/multipart-post-2.0.0.gemspec
I, [2014-02-25T14:13:54.568330 #4849]  INFO -- : 0:  faraday (0.9.0) from /Users/duncan/.rbenv/versions/2.0.0-p247/lib/ruby/gems/2.0.0/specifications/faraday-0.9.0.gemspec
I, [2014-02-25T14:13:54.568661 #4849]  INFO -- : 0:  http_parser.rb (0.6.0) from /Users/duncan/.rbenv/versions/2.0.0-p247/lib/ruby/gems/2.0.0/specifications/http_parser.rb-0.6.0.gemspec
I, [2014-02-25T14:13:54.568976 #4849]  INFO -- : 0:  http (0.5.0) from /Users/duncan/.rbenv/versions/2.0.0-p247/lib/ruby/gems/2.0.0/specifications/http-0.5.0.gemspec
I, [2014-02-25T14:13:54.569293 #4849]  INFO -- : 0:  thread_safe (0.1.3) from /Users/duncan/.rbenv/versions/2.0.0-p247/lib/ruby/gems/2.0.0/specifications/thread_safe-0.1.3.gemspec
I, [2014-02-25T14:13:54.569601 #4849]  INFO -- : 0:  memoizable (0.4.0) from /Users/duncan/.rbenv/versions/2.0.0-p247/lib/ruby/gems/2.0.0/specifications/memoizable-0.4.0.gemspec
I, [2014-02-25T14:13:54.569909 #4849]  INFO -- : 0:  naught (1.0.0) from /Users/duncan/.rbenv/versions/2.0.0-p247/lib/ruby/gems/2.0.0/specifications/naught-1.0.0.gemspec
I, [2014-02-25T14:13:55.679383 #4849]  INFO -- : 0:  rack-ssl (1.3.3) from /Users/duncan/.rbenv/versions/2.0.0-p247/lib/ruby/gems/2.0.0/specifications/rack-ssl-1.3.3.gemspec
I, [2014-02-25T14:13:55.680194 #4849]  INFO -- : 0:  rdoc (3.12.2) from /Users/duncan/.rbenv/versions/2.0.0-p247/lib/ruby/gems/2.0.0/specifications/rdoc-3.12.2.gemspec
I, [2014-02-25T14:13:55.680764 #4849]  INFO -- : 0:  thor (0.18.1) from /Users/duncan/.rbenv/versions/2.0.0-p247/lib/ruby/gems/2.0.0/specifications/thor-0.18.1.gemspec
I, [2014-02-25T14:13:59.293470 #4849]  INFO -- : 0:  railties (3.2.17) from /Users/duncan/.rbenv/versions/2.0.0-p247/lib/ruby/gems/2.0.0/specifications/railties-3.2.17.gemspec
I, [2014-02-25T14:13:59.294284 #4849]  INFO -- : 0:  simple_oauth (0.2.0) from /Users/duncan/.rbenv/versions/2.0.0-p247/lib/ruby/gems/2.0.0/specifications/simple_oauth-0.2.0.gemspec
I, [2014-02-25T14:13:59.294730 #4849]  INFO -- : 0:  sqlite3 (1.3.8) from /Users/duncan/.rbenv/versions/2.0.0-p247/lib/ruby/gems/2.0.0/specifications/sqlite3-1.3.8.gemspec
I, [2014-02-25T14:14:00.614388 #4849]  INFO -- : 0:  standalone_migrations (2.1.1) from /Users/duncan/.rbenv/versions/2.0.0-p247/lib/ruby/gems/2.0.0/specifications/standalone_migrations-2.1.1.gemspec
I, [2014-02-25T14:14:00.614812 #4849]  INFO -- : 0:  twitter (5.7.1) from /Users/duncan/.rbenv/versions/2.0.0-p247/lib/ruby/gems/2.0.0/specifications/twitter-5.7.1.gemspec
I, [2014-02-25T14:14:00.615069 #4849]  INFO -- : 0:  bundler (1.5.1) from /Users/duncan/.rbenv/versions/2.0.0-p247/lib/ruby/gems/2.0.0/specifications/bundler-1.5.1.gemspec
I, [2014-02-25T14:23:11.162630 #5597]  INFO -- : 0:  rake (10.1.1) from /Users/duncan/.rbenv/versions/2.0.0-p247/lib/ruby/gems/2.0.0/specifications/rake-10.1.1.gemspec
I, [2014-02-25T14:23:11.163089 #5597]  INFO -- : 0:  i18n (0.6.9) from /Users/duncan/.rbenv/versions/2.0.0-p247/lib/ruby/gems/2.0.0/specifications/i18n-0.6.9.gemspec
I, [2014-02-25T14:23:11.163394 #5597]  INFO -- : 0:  multi_json (1.8.4) from /Users/duncan/.rbenv/versions/2.0.0-p247/lib/ruby/gems/2.0.0/specifications/multi_json-1.8.4.gemspec
I, [2014-02-25T14:23:11.163678 #5597]  INFO -- : 0:  activesupport (3.2.17) from /Users/duncan/.rbenv/versions/2.0.0-p247/lib/ruby/gems/2.0.0/specifications/activesupport-3.2.17.gemspec
I, [2014-02-25T14:23:11.163944 #5597]  INFO -- : 0:  builder (3.0.4) from /Users/duncan/.rbenv/versions/2.0.0-p247/lib/ruby/gems/2.0.0/specifications/builder-3.0.4.gemspec
I, [2014-02-25T14:23:11.164209 #5597]  INFO -- : 0:  activemodel (3.2.17) from /Users/duncan/.rbenv/versions/2.0.0-p247/lib/ruby/gems/2.0.0/specifications/activemodel-3.2.17.gemspec
I, [2014-02-25T14:23:11.164475 #5597]  INFO -- : 0:  erubis (2.7.0) from /Users/duncan/.rbenv/versions/2.0.0-p247/lib/ruby/gems/2.0.0/specifications/erubis-2.7.0.gemspec
I, [2014-02-25T14:23:11.164729 #5597]  INFO -- : 0:  journey (1.0.4) from /Users/duncan/.rbenv/versions/2.0.0-p247/lib/ruby/gems/2.0.0/specifications/journey-1.0.4.gemspec
I, [2014-02-25T14:23:11.164985 #5597]  INFO -- : 0:  rack (1.4.5) from /Users/duncan/.rbenv/versions/2.0.0-p247/lib/ruby/gems/2.0.0/specifications/rack-1.4.5.gemspec
I, [2014-02-25T14:23:11.165241 #5597]  INFO -- : 0:  rack-cache (1.2) from /Users/duncan/.rbenv/versions/2.0.0-p247/lib/ruby/gems/2.0.0/specifications/rack-cache-1.2.gemspec
I, [2014-02-25T14:23:11.165504 #5597]  INFO -- : 0:  rack-test (0.6.2) from /Users/duncan/.rbenv/versions/2.0.0-p247/lib/ruby/gems/2.0.0/specifications/rack-test-0.6.2.gemspec
I, [2014-02-25T14:23:11.165754 #5597]  INFO -- : 0:  hike (1.2.3) from /Users/duncan/.rbenv/versions/2.0.0-p247/lib/ruby/gems/2.0.0/specifications/hike-1.2.3.gemspec
I, [2014-02-25T14:23:11.166004 #5597]  INFO -- : 0:  tilt (1.4.1) from /Users/duncan/.rbenv/versions/2.0.0-p247/lib/ruby/gems/2.0.0/specifications/tilt-1.4.1.gemspec
I, [2014-02-25T14:23:11.166272 #5597]  INFO -- : 0:  sprockets (2.2.2) from /Users/duncan/.rbenv/versions/2.0.0-p247/lib/ruby/gems/2.0.0/specifications/sprockets-2.2.2.gemspec
I, [2014-02-25T14:23:11.166529 #5597]  INFO -- : 0:  actionpack (3.2.17) from /Users/duncan/.rbenv/versions/2.0.0-p247/lib/ruby/gems/2.0.0/specifications/actionpack-3.2.17.gemspec
I, [2014-02-25T14:23:11.166784 #5597]  INFO -- : 0:  arel (3.0.3) from /Users/duncan/.rbenv/versions/2.0.0-p247/lib/ruby/gems/2.0.0/specifications/arel-3.0.3.gemspec
I, [2014-02-25T14:23:11.167047 #5597]  INFO -- : 0:  tzinfo (0.3.38) from /Users/duncan/.rbenv/versions/2.0.0-p247/lib/ruby/gems/2.0.0/specifications/tzinfo-0.3.38.gemspec
I, [2014-02-25T14:23:11.167300 #5597]  INFO -- : 0:  activerecord (3.2.17) from /Users/duncan/.rbenv/versions/2.0.0-p247/lib/ruby/gems/2.0.0/specifications/activerecord-3.2.17.gemspec
I, [2014-02-25T14:23:11.167550 #5597]  INFO -- : 0:  addressable (2.3.5) from /Users/duncan/.rbenv/versions/2.0.0-p247/lib/ruby/gems/2.0.0/specifications/addressable-2.3.5.gemspec
I, [2014-02-25T14:23:11.167879 #5597]  INFO -- : 0:  atomic (1.1.14) from /Users/duncan/.rbenv/versions/2.0.0-p247/lib/ruby/gems/2.0.0/specifications/atomic-1.1.14.gemspec
I, [2014-02-25T14:23:11.168205 #5597]  INFO -- : 0:  bcrypt (3.1.7) from /Users/duncan/.rbenv/versions/2.0.0-p247/lib/ruby/gems/2.0.0/specifications/bcrypt-3.1.7.gemspec
I, [2014-02-25T14:23:11.168575 #5597]  INFO -- : 0:  bcrypt-ruby (3.1.5) from /Users/duncan/.rbenv/versions/2.0.0-p247/lib/ruby/gems/2.0.0/specifications/bcrypt-ruby-3.1.5.gemspec
I, [2014-02-25T14:23:11.168850 #5597]  INFO -- : 0:  buftok (0.2.0) from /Users/duncan/.rbenv/versions/2.0.0-p247/lib/ruby/gems/2.0.0/specifications/buftok-0.2.0.gemspec
I, [2014-02-25T14:23:12.851059 #5597]  INFO -- : 0:  data_objects (0.10.14) from /Users/duncan/.rbenv/versions/2.0.0-p247/lib/ruby/gems/2.0.0/specifications/data_objects-0.10.14.gemspec
I, [2014-02-25T14:23:12.851516 #5597]  INFO -- : 0:  dm-core (1.2.1) from /Users/duncan/.rbenv/versions/2.0.0-p247/lib/ruby/gems/2.0.0/specifications/dm-core-1.2.1.gemspec
I, [2014-02-25T14:23:12.851828 #5597]  INFO -- : 0:  dm-aggregates (1.2.0) from /Users/duncan/.rbenv/versions/2.0.0-p247/lib/ruby/gems/2.0.0/specifications/dm-aggregates-1.2.0.gemspec
I, [2014-02-25T14:23:12.852122 #5597]  INFO -- : 0:  dm-constraints (1.2.0) from /Users/duncan/.rbenv/versions/2.0.0-p247/lib/ruby/gems/2.0.0/specifications/dm-constraints-1.2.0.gemspec
I, [2014-02-25T14:23:12.852400 #5597]  INFO -- : 0:  dm-migrations (1.2.0) from /Users/duncan/.rbenv/versions/2.0.0-p247/lib/ruby/gems/2.0.0/specifications/dm-migrations-1.2.0.gemspec
I, [2014-02-25T14:23:12.852677 #5597]  INFO -- : 0:  fastercsv (1.5.5) from /Users/duncan/.rbenv/versions/2.0.0-p247/lib/ruby/gems/2.0.0/specifications/fastercsv-1.5.5.gemspec
I, [2014-02-25T14:23:12.852954 #5597]  INFO -- : 0:  json (1.8.1) from /Users/duncan/.rbenv/versions/2.0.0-p247/lib/ruby/gems/2.0.0/specifications/json-1.8.1.gemspec
I, [2014-02-25T14:23:12.853221 #5597]  INFO -- : 0:  json_pure (1.8.1) from /Users/duncan/.rbenv/versions/2.0.0-p247/lib/ruby/gems/2.0.0/specifications/json_pure-1.8.1.gemspec
I, [2014-02-25T14:23:12.853486 #5597]  INFO -- : 0:  dm-serializer (1.2.2) from /Users/duncan/.rbenv/versions/2.0.0-p247/lib/ruby/gems/2.0.0/specifications/dm-serializer-1.2.2.gemspec
I, [2014-02-25T14:23:12.853747 #5597]  INFO -- : 0:  dm-timestamps (1.2.0) from /Users/duncan/.rbenv/versions/2.0.0-p247/lib/ruby/gems/2.0.0/specifications/dm-timestamps-1.2.0.gemspec
I, [2014-02-25T14:23:12.854008 #5597]  INFO -- : 0:  dm-transactions (1.2.0) from /Users/duncan/.rbenv/versions/2.0.0-p247/lib/ruby/gems/2.0.0/specifications/dm-transactions-1.2.0.gemspec
I, [2014-02-25T14:23:12.854268 #5597]  INFO -- : 0:  stringex (1.5.1) from /Users/duncan/.rbenv/versions/2.0.0-p247/lib/ruby/gems/2.0.0/specifications/stringex-1.5.1.gemspec
I, [2014-02-25T14:23:12.854524 #5597]  INFO -- : 0:  uuidtools (2.1.4) from /Users/duncan/.rbenv/versions/2.0.0-p247/lib/ruby/gems/2.0.0/specifications/uuidtools-2.1.4.gemspec
I, [2014-02-25T14:23:12.854788 #5597]  INFO -- : 0:  dm-types (1.2.2) from /Users/duncan/.rbenv/versions/2.0.0-p247/lib/ruby/gems/2.0.0/specifications/dm-types-1.2.2.gemspec
I, [2014-02-25T14:23:12.855044 #5597]  INFO -- : 0:  dm-validations (1.2.0) from /Users/duncan/.rbenv/versions/2.0.0-p247/lib/ruby/gems/2.0.0/specifications/dm-validations-1.2.0.gemspec
I, [2014-02-25T14:23:12.855301 #5597]  INFO -- : 0:  datamapper (1.2.0) from /Users/duncan/.rbenv/versions/2.0.0-p247/lib/ruby/gems/2.0.0/specifications/datamapper-1.2.0.gemspec
I, [2014-02-25T14:23:14.041267 #5597]  INFO -- : 0:  dm-do-adapter (1.2.0) from /Users/duncan/.rbenv/versions/2.0.0-p247/lib/ruby/gems/2.0.0/specifications/dm-do-adapter-1.2.0.gemspec
I, [2014-02-25T14:23:16.587968 #5597]  INFO -- : 0:  do_sqlite3 (0.10.14) from /Users/duncan/.rbenv/versions/2.0.0-p247/lib/ruby/gems/2.0.0/specifications/do_sqlite3-0.10.14.gemspec
I, [2014-02-25T14:23:17.737547 #5597]  INFO -- : 0:  dm-sqlite-adapter (1.2.0) from /Users/duncan/.rbenv/versions/2.0.0-p247/lib/ruby/gems/2.0.0/specifications/dm-sqlite-adapter-1.2.0.gemspec
I, [2014-02-25T14:23:17.738061 #5597]  INFO -- : 0:  equalizer (0.0.9) from /Users/duncan/.rbenv/versions/2.0.0-p247/lib/ruby/gems/2.0.0/specifications/equalizer-0.0.9.gemspec
I, [2014-02-25T14:23:17.738444 #5597]  INFO -- : 0:  multipart-post (2.0.0) from /Users/duncan/.rbenv/versions/2.0.0-p247/lib/ruby/gems/2.0.0/specifications/multipart-post-2.0.0.gemspec
I, [2014-02-25T14:23:17.738817 #5597]  INFO -- : 0:  faraday (0.9.0) from /Users/duncan/.rbenv/versions/2.0.0-p247/lib/ruby/gems/2.0.0/specifications/faraday-0.9.0.gemspec
I, [2014-02-25T14:23:17.739178 #5597]  INFO -- : 0:  http_parser.rb (0.6.0) from /Users/duncan/.rbenv/versions/2.0.0-p247/lib/ruby/gems/2.0.0/specifications/http_parser.rb-0.6.0.gemspec
I, [2014-02-25T14:23:17.739544 #5597]  INFO -- : 0:  http (0.5.0) from /Users/duncan/.rbenv/versions/2.0.0-p247/lib/ruby/gems/2.0.0/specifications/http-0.5.0.gemspec
I, [2014-02-25T14:23:17.740084 #5597]  INFO -- : 0:  thread_safe (0.1.3) from /Users/duncan/.rbenv/versions/2.0.0-p247/lib/ruby/gems/2.0.0/specifications/thread_safe-0.1.3.gemspec
I, [2014-02-25T14:23:17.740460 #5597]  INFO -- : 0:  memoizable (0.4.0) from /Users/duncan/.rbenv/versions/2.0.0-p247/lib/ruby/gems/2.0.0/specifications/memoizable-0.4.0.gemspec
I, [2014-02-25T14:23:17.740826 #5597]  INFO -- : 0:  naught (1.0.0) from /Users/duncan/.rbenv/versions/2.0.0-p247/lib/ruby/gems/2.0.0/specifications/naught-1.0.0.gemspec
I, [2014-02-25T14:23:17.741192 #5597]  INFO -- : 0:  rack-ssl (1.3.3) from /Users/duncan/.rbenv/versions/2.0.0-p247/lib/ruby/gems/2.0.0/specifications/rack-ssl-1.3.3.gemspec
I, [2014-02-25T14:23:17.741548 #5597]  INFO -- : 0:  rdoc (3.12.2) from /Users/duncan/.rbenv/versions/2.0.0-p247/lib/ruby/gems/2.0.0/specifications/rdoc-3.12.2.gemspec
I, [2014-02-25T14:23:17.741892 #5597]  INFO -- : 0:  thor (0.18.1) from /Users/duncan/.rbenv/versions/2.0.0-p247/lib/ruby/gems/2.0.0/specifications/thor-0.18.1.gemspec
I, [2014-02-25T14:23:17.742241 #5597]  INFO -- : 0:  railties (3.2.17) from /Users/duncan/.rbenv/versions/2.0.0-p247/lib/ruby/gems/2.0.0/specifications/railties-3.2.17.gemspec
I, [2014-02-25T14:23:17.742585 #5597]  INFO -- : 0:  simple_oauth (0.2.0) from /Users/duncan/.rbenv/versions/2.0.0-p247/lib/ruby/gems/2.0.0/specifications/simple_oauth-0.2.0.gemspec
I, [2014-02-25T14:23:17.742932 #5597]  INFO -- : 0:  sqlite3 (1.3.8) from /Users/duncan/.rbenv/versions/2.0.0-p247/lib/ruby/gems/2.0.0/specifications/sqlite3-1.3.8.gemspec
I, [2014-02-25T14:23:17.743256 #5597]  INFO -- : 0:  standalone_migrations (2.1.1) from /Users/duncan/.rbenv/versions/2.0.0-p247/lib/ruby/gems/2.0.0/specifications/standalone_migrations-2.1.1.gemspec
I, [2014-02-25T14:23:17.743611 #5597]  INFO -- : 0:  twitter (5.7.1) from /Users/duncan/.rbenv/versions/2.0.0-p247/lib/ruby/gems/2.0.0/specifications/twitter-5.7.1.gemspec
I, [2014-02-25T14:23:17.743926 #5597]  INFO -- : 0:  bundler (1.5.1) from /Users/duncan/.rbenv/versions/2.0.0-p247/lib/ruby/gems/2.0.0/specifications/bundler-1.5.1.gemspec
I, [2014-02-25T15:26:17.673478 #7456]  INFO -- : 0:  rake (10.1.1) from /Users/duncan/.rbenv/versions/2.0.0-p247/lib/ruby/gems/2.0.0/specifications/rake-10.1.1.gemspec
I, [2014-02-25T15:26:17.674270 #7456]  INFO -- : 0:  i18n (0.6.9) from /Users/duncan/.rbenv/versions/2.0.0-p247/lib/ruby/gems/2.0.0/specifications/i18n-0.6.9.gemspec
I, [2014-02-25T15:26:17.674826 #7456]  INFO -- : 0:  multi_json (1.8.4) from /Users/duncan/.rbenv/versions/2.0.0-p247/lib/ruby/gems/2.0.0/specifications/multi_json-1.8.4.gemspec
I, [2014-02-25T15:26:17.675382 #7456]  INFO -- : 0:  activesupport (3.2.17) from /Users/duncan/.rbenv/versions/2.0.0-p247/lib/ruby/gems/2.0.0/specifications/activesupport-3.2.17.gemspec
I, [2014-02-25T15:26:17.675856 #7456]  INFO -- : 0:  builder (3.0.4) from /Users/duncan/.rbenv/versions/2.0.0-p247/lib/ruby/gems/2.0.0/specifications/builder-3.0.4.gemspec
I, [2014-02-25T15:26:17.676335 #7456]  INFO -- : 0:  activemodel (3.2.17) from /Users/duncan/.rbenv/versions/2.0.0-p247/lib/ruby/gems/2.0.0/specifications/activemodel-3.2.17.gemspec
I, [2014-02-25T15:26:17.676824 #7456]  INFO -- : 0:  erubis (2.7.0) from /Users/duncan/.rbenv/versions/2.0.0-p247/lib/ruby/gems/2.0.0/specifications/erubis-2.7.0.gemspec
I, [2014-02-25T15:26:17.677285 #7456]  INFO -- : 0:  journey (1.0.4) from /Users/duncan/.rbenv/versions/2.0.0-p247/lib/ruby/gems/2.0.0/specifications/journey-1.0.4.gemspec
I, [2014-02-25T15:26:17.677753 #7456]  INFO -- : 0:  rack (1.4.5) from /Users/duncan/.rbenv/versions/2.0.0-p247/lib/ruby/gems/2.0.0/specifications/rack-1.4.5.gemspec
I, [2014-02-25T15:26:17.678204 #7456]  INFO -- : 0:  rack-cache (1.2) from /Users/duncan/.rbenv/versions/2.0.0-p247/lib/ruby/gems/2.0.0/specifications/rack-cache-1.2.gemspec
I, [2014-02-25T15:26:17.678678 #7456]  INFO -- : 0:  rack-test (0.6.2) from /Users/duncan/.rbenv/versions/2.0.0-p247/lib/ruby/gems/2.0.0/specifications/rack-test-0.6.2.gemspec
I, [2014-02-25T15:26:17.679189 #7456]  INFO -- : 0:  hike (1.2.3) from /Users/duncan/.rbenv/versions/2.0.0-p247/lib/ruby/gems/2.0.0/specifications/hike-1.2.3.gemspec
I, [2014-02-25T15:26:17.679746 #7456]  INFO -- : 0:  tilt (1.4.1) from /Users/duncan/.rbenv/versions/2.0.0-p247/lib/ruby/gems/2.0.0/specifications/tilt-1.4.1.gemspec
I, [2014-02-25T15:26:17.680262 #7456]  INFO -- : 0:  sprockets (2.2.2) from /Users/duncan/.rbenv/versions/2.0.0-p247/lib/ruby/gems/2.0.0/specifications/sprockets-2.2.2.gemspec
I, [2014-02-25T15:26:17.680746 #7456]  INFO -- : 0:  actionpack (3.2.17) from /Users/duncan/.rbenv/versions/2.0.0-p247/lib/ruby/gems/2.0.0/specifications/actionpack-3.2.17.gemspec
I, [2014-02-25T15:26:17.681169 #7456]  INFO -- : 0:  arel (3.0.3) from /Users/duncan/.rbenv/versions/2.0.0-p247/lib/ruby/gems/2.0.0/specifications/arel-3.0.3.gemspec
I, [2014-02-25T15:26:17.681499 #7456]  INFO -- : 0:  tzinfo (0.3.38) from /Users/duncan/.rbenv/versions/2.0.0-p247/lib/ruby/gems/2.0.0/specifications/tzinfo-0.3.38.gemspec
I, [2014-02-25T15:26:17.681850 #7456]  INFO -- : 0:  activerecord (3.2.17) from /Users/duncan/.rbenv/versions/2.0.0-p247/lib/ruby/gems/2.0.0/specifications/activerecord-3.2.17.gemspec
I, [2014-02-25T15:26:17.682245 #7456]  INFO -- : 0:  addressable (2.3.5) from /Users/duncan/.rbenv/versions/2.0.0-p247/lib/ruby/gems/2.0.0/specifications/addressable-2.3.5.gemspec
I, [2014-02-25T15:26:17.682602 #7456]  INFO -- : 0:  atomic (1.1.14) from /Users/duncan/.rbenv/versions/2.0.0-p247/lib/ruby/gems/2.0.0/specifications/atomic-1.1.14.gemspec
I, [2014-02-25T15:26:17.682945 #7456]  INFO -- : 0:  bcrypt (3.1.7) from /Users/duncan/.rbenv/versions/2.0.0-p247/lib/ruby/gems/2.0.0/specifications/bcrypt-3.1.7.gemspec
I, [2014-02-25T15:26:17.683295 #7456]  INFO -- : 0:  bcrypt-ruby (3.1.5) from /Users/duncan/.rbenv/versions/2.0.0-p247/lib/ruby/gems/2.0.0/specifications/bcrypt-ruby-3.1.5.gemspec
I, [2014-02-25T15:26:17.683647 #7456]  INFO -- : 0:  buftok (0.2.0) from /Users/duncan/.rbenv/versions/2.0.0-p247/lib/ruby/gems/2.0.0/specifications/buftok-0.2.0.gemspec
I, [2014-02-25T15:26:17.684003 #7456]  INFO -- : 0:  data_objects (0.10.14) from /Users/duncan/.rbenv/versions/2.0.0-p247/lib/ruby/gems/2.0.0/specifications/data_objects-0.10.14.gemspec
I, [2014-02-25T15:26:17.684367 #7456]  INFO -- : 0:  dm-core (1.2.1) from /Users/duncan/.rbenv/versions/2.0.0-p247/lib/ruby/gems/2.0.0/specifications/dm-core-1.2.1.gemspec
I, [2014-02-25T15:26:17.684732 #7456]  INFO -- : 0:  dm-aggregates (1.2.0) from /Users/duncan/.rbenv/versions/2.0.0-p247/lib/ruby/gems/2.0.0/specifications/dm-aggregates-1.2.0.gemspec
I, [2014-02-25T15:26:17.685111 #7456]  INFO -- : 0:  dm-constraints (1.2.0) from /Users/duncan/.rbenv/versions/2.0.0-p247/lib/ruby/gems/2.0.0/specifications/dm-constraints-1.2.0.gemspec
I, [2014-02-25T15:26:17.685445 #7456]  INFO -- : 0:  dm-migrations (1.2.0) from /Users/duncan/.rbenv/versions/2.0.0-p247/lib/ruby/gems/2.0.0/specifications/dm-migrations-1.2.0.gemspec
I, [2014-02-25T15:26:17.685835 #7456]  INFO -- : 0:  fastercsv (1.5.5) from /Users/duncan/.rbenv/versions/2.0.0-p247/lib/ruby/gems/2.0.0/specifications/fastercsv-1.5.5.gemspec
I, [2014-02-25T15:26:17.686165 #7456]  INFO -- : 0:  json (1.8.1) from /Users/duncan/.rbenv/versions/2.0.0-p247/lib/ruby/gems/2.0.0/specifications/json-1.8.1.gemspec
I, [2014-02-25T15:26:17.686498 #7456]  INFO -- : 0:  json_pure (1.8.1) from /Users/duncan/.rbenv/versions/2.0.0-p247/lib/ruby/gems/2.0.0/specifications/json_pure-1.8.1.gemspec
I, [2014-02-25T15:26:17.686817 #7456]  INFO -- : 0:  dm-serializer (1.2.2) from /Users/duncan/.rbenv/versions/2.0.0-p247/lib/ruby/gems/2.0.0/specifications/dm-serializer-1.2.2.gemspec
I, [2014-02-25T15:26:17.687145 #7456]  INFO -- : 0:  dm-timestamps (1.2.0) from /Users/duncan/.rbenv/versions/2.0.0-p247/lib/ruby/gems/2.0.0/specifications/dm-timestamps-1.2.0.gemspec
I, [2014-02-25T15:26:17.687463 #7456]  INFO -- : 0:  dm-transactions (1.2.0) from /Users/duncan/.rbenv/versions/2.0.0-p247/lib/ruby/gems/2.0.0/specifications/dm-transactions-1.2.0.gemspec
I, [2014-02-25T15:26:17.687835 #7456]  INFO -- : 0:  stringex (1.5.1) from /Users/duncan/.rbenv/versions/2.0.0-p247/lib/ruby/gems/2.0.0/specifications/stringex-1.5.1.gemspec
I, [2014-02-25T15:26:17.688156 #7456]  INFO -- : 0:  uuidtools (2.1.4) from /Users/duncan/.rbenv/versions/2.0.0-p247/lib/ruby/gems/2.0.0/specifications/uuidtools-2.1.4.gemspec
I, [2014-02-25T15:26:17.688488 #7456]  INFO -- : 0:  dm-types (1.2.2) from /Users/duncan/.rbenv/versions/2.0.0-p247/lib/ruby/gems/2.0.0/specifications/dm-types-1.2.2.gemspec
I, [2014-02-25T15:26:17.688831 #7456]  INFO -- : 0:  dm-validations (1.2.0) from /Users/duncan/.rbenv/versions/2.0.0-p247/lib/ruby/gems/2.0.0/specifications/dm-validations-1.2.0.gemspec
I, [2014-02-25T15:26:17.689152 #7456]  INFO -- : 0:  datamapper (1.2.0) from /Users/duncan/.rbenv/versions/2.0.0-p247/lib/ruby/gems/2.0.0/specifications/datamapper-1.2.0.gemspec
I, [2014-02-25T15:26:17.689505 #7456]  INFO -- : 0:  diff-lcs (1.2.5) from /Users/duncan/.rbenv/versions/2.0.0-p247/lib/ruby/gems/2.0.0/specifications/diff-lcs-1.2.5.gemspec
I, [2014-02-25T15:26:17.689841 #7456]  INFO -- : 0:  dm-do-adapter (1.2.0) from /Users/duncan/.rbenv/versions/2.0.0-p247/lib/ruby/gems/2.0.0/specifications/dm-do-adapter-1.2.0.gemspec
I, [2014-02-25T15:26:17.690124 #7456]  INFO -- : 0:  do_sqlite3 (0.10.14) from /Users/duncan/.rbenv/versions/2.0.0-p247/lib/ruby/gems/2.0.0/specifications/do_sqlite3-0.10.14.gemspec
I, [2014-02-25T15:26:17.690446 #7456]  INFO -- : 0:  dm-sqlite-adapter (1.2.0) from /Users/duncan/.rbenv/versions/2.0.0-p247/lib/ruby/gems/2.0.0/specifications/dm-sqlite-adapter-1.2.0.gemspec
I, [2014-02-25T15:26:17.690768 #7456]  INFO -- : 0:  equalizer (0.0.9) from /Users/duncan/.rbenv/versions/2.0.0-p247/lib/ruby/gems/2.0.0/specifications/equalizer-0.0.9.gemspec
I, [2014-02-25T15:26:17.691087 #7456]  INFO -- : 0:  multipart-post (2.0.0) from /Users/duncan/.rbenv/versions/2.0.0-p247/lib/ruby/gems/2.0.0/specifications/multipart-post-2.0.0.gemspec
I, [2014-02-25T15:26:17.691395 #7456]  INFO -- : 0:  faraday (0.9.0) from /Users/duncan/.rbenv/versions/2.0.0-p247/lib/ruby/gems/2.0.0/specifications/faraday-0.9.0.gemspec
I, [2014-02-25T15:26:17.691710 #7456]  INFO -- : 0:  http_parser.rb (0.6.0) from /Users/duncan/.rbenv/versions/2.0.0-p247/lib/ruby/gems/2.0.0/specifications/http_parser.rb-0.6.0.gemspec
I, [2014-02-25T15:26:17.692034 #7456]  INFO -- : 0:  http (0.5.0) from /Users/duncan/.rbenv/versions/2.0.0-p247/lib/ruby/gems/2.0.0/specifications/http-0.5.0.gemspec
I, [2014-02-25T15:26:17.692359 #7456]  INFO -- : 0:  thread_safe (0.1.3) from /Users/duncan/.rbenv/versions/2.0.0-p247/lib/ruby/gems/2.0.0/specifications/thread_safe-0.1.3.gemspec
I, [2014-02-25T15:26:17.692650 #7456]  INFO -- : 0:  memoizable (0.4.0) from /Users/duncan/.rbenv/versions/2.0.0-p247/lib/ruby/gems/2.0.0/specifications/memoizable-0.4.0.gemspec
I, [2014-02-25T15:26:17.692951 #7456]  INFO -- : 0:  naught (1.0.0) from /Users/duncan/.rbenv/versions/2.0.0-p247/lib/ruby/gems/2.0.0/specifications/naught-1.0.0.gemspec
I, [2014-02-25T15:26:17.693271 #7456]  INFO -- : 0:  rack-ssl (1.3.3) from /Users/duncan/.rbenv/versions/2.0.0-p247/lib/ruby/gems/2.0.0/specifications/rack-ssl-1.3.3.gemspec
I, [2014-02-25T15:26:17.693609 #7456]  INFO -- : 0:  rdoc (3.12.2) from /Users/duncan/.rbenv/versions/2.0.0-p247/lib/ruby/gems/2.0.0/specifications/rdoc-3.12.2.gemspec
I, [2014-02-25T15:26:17.693918 #7456]  INFO -- : 0:  thor (0.18.1) from /Users/duncan/.rbenv/versions/2.0.0-p247/lib/ruby/gems/2.0.0/specifications/thor-0.18.1.gemspec
I, [2014-02-25T15:26:17.694230 #7456]  INFO -- : 0:  railties (3.2.17) from /Users/duncan/.rbenv/versions/2.0.0-p247/lib/ruby/gems/2.0.0/specifications/railties-3.2.17.gemspec
I, [2014-02-25T15:26:17.694540 #7456]  INFO -- : 0:  rspec-core (2.14.7) from /Users/duncan/.rbenv/versions/2.0.0-p247/lib/ruby/gems/2.0.0/specifications/rspec-core-2.14.7.gemspec
I, [2014-02-25T15:26:17.703418 #7456]  INFO -- : 0:  rspec-expectations (2.14.4) from /Users/duncan/.rbenv/versions/2.0.0-p247/lib/ruby/gems/2.0.0/specifications/rspec-expectations-2.14.4.gemspec
I, [2014-02-25T15:26:17.703881 #7456]  INFO -- : 0:  rspec-mocks (2.14.4) from /Users/duncan/.rbenv/versions/2.0.0-p247/lib/ruby/gems/2.0.0/specifications/rspec-mocks-2.14.4.gemspec
I, [2014-02-25T15:26:17.704226 #7456]  INFO -- : 0:  rspec (2.14.1) from /Users/duncan/.rbenv/versions/2.0.0-p247/lib/ruby/gems/2.0.0/specifications/rspec-2.14.1.gemspec
I, [2014-02-25T15:26:17.704680 #7456]  INFO -- : 0:  simple_oauth (0.2.0) from /Users/duncan/.rbenv/versions/2.0.0-p247/lib/ruby/gems/2.0.0/specifications/simple_oauth-0.2.0.gemspec
I, [2014-02-25T15:26:17.705014 #7456]  INFO -- : 0:  sqlite3 (1.3.8) from /Users/duncan/.rbenv/versions/2.0.0-p247/lib/ruby/gems/2.0.0/specifications/sqlite3-1.3.8.gemspec
I, [2014-02-25T15:26:17.705293 #7456]  INFO -- : 0:  standalone_migrations (2.1.1) from /Users/duncan/.rbenv/versions/2.0.0-p247/lib/ruby/gems/2.0.0/specifications/standalone_migrations-2.1.1.gemspec
I, [2014-02-25T15:26:17.705597 #7456]  INFO -- : 0:  twitter (5.7.1) from /Users/duncan/.rbenv/versions/2.0.0-p247/lib/ruby/gems/2.0.0/specifications/twitter-5.7.1.gemspec
I, [2014-02-25T15:26:17.705881 #7456]  INFO -- : 0:  bundler (1.5.1) from /Users/duncan/.rbenv/versions/2.0.0-p247/lib/ruby/gems/2.0.0/specifications/bundler-1.5.1.gemspec
I, [2014-02-25T15:50:51.339687 #8956]  INFO -- : 0:  rake (10.1.1) from /Users/duncan/.rbenv/versions/2.0.0-p247/lib/ruby/gems/2.0.0/specifications/rake-10.1.1.gemspec
I, [2014-02-25T15:50:51.340392 #8956]  INFO -- : 0:  i18n (0.6.9) from /Users/duncan/.rbenv/versions/2.0.0-p247/lib/ruby/gems/2.0.0/specifications/i18n-0.6.9.gemspec
I, [2014-02-25T15:50:51.340811 #8956]  INFO -- : 0:  multi_json (1.8.4) from /Users/duncan/.rbenv/versions/2.0.0-p247/lib/ruby/gems/2.0.0/specifications/multi_json-1.8.4.gemspec
I, [2014-02-25T15:50:51.341128 #8956]  INFO -- : 0:  activesupport (3.2.17) from /Users/duncan/.rbenv/versions/2.0.0-p247/lib/ruby/gems/2.0.0/specifications/activesupport-3.2.17.gemspec
I, [2014-02-25T15:50:51.341418 #8956]  INFO -- : 0:  builder (3.0.4) from /Users/duncan/.rbenv/versions/2.0.0-p247/lib/ruby/gems/2.0.0/specifications/builder-3.0.4.gemspec
I, [2014-02-25T15:50:51.341715 #8956]  INFO -- : 0:  activemodel (3.2.17) from /Users/duncan/.rbenv/versions/2.0.0-p247/lib/ruby/gems/2.0.0/specifications/activemodel-3.2.17.gemspec
I, [2014-02-25T15:50:51.341999 #8956]  INFO -- : 0:  erubis (2.7.0) from /Users/duncan/.rbenv/versions/2.0.0-p247/lib/ruby/gems/2.0.0/specifications/erubis-2.7.0.gemspec
I, [2014-02-25T15:50:51.342281 #8956]  INFO -- : 0:  journey (1.0.4) from /Users/duncan/.rbenv/versions/2.0.0-p247/lib/ruby/gems/2.0.0/specifications/journey-1.0.4.gemspec
I, [2014-02-25T15:50:51.342564 #8956]  INFO -- : 0:  rack (1.4.5) from /Users/duncan/.rbenv/versions/2.0.0-p247/lib/ruby/gems/2.0.0/specifications/rack-1.4.5.gemspec
I, [2014-02-25T15:50:51.342838 #8956]  INFO -- : 0:  rack-cache (1.2) from /Users/duncan/.rbenv/versions/2.0.0-p247/lib/ruby/gems/2.0.0/specifications/rack-cache-1.2.gemspec
I, [2014-02-25T15:50:51.343114 #8956]  INFO -- : 0:  rack-test (0.6.2) from /Users/duncan/.rbenv/versions/2.0.0-p247/lib/ruby/gems/2.0.0/specifications/rack-test-0.6.2.gemspec
I, [2014-02-25T15:50:51.343398 #8956]  INFO -- : 0:  hike (1.2.3) from /Users/duncan/.rbenv/versions/2.0.0-p247/lib/ruby/gems/2.0.0/specifications/hike-1.2.3.gemspec
I, [2014-02-25T15:50:51.343660 #8956]  INFO -- : 0:  tilt (1.4.1) from /Users/duncan/.rbenv/versions/2.0.0-p247/lib/ruby/gems/2.0.0/specifications/tilt-1.4.1.gemspec
I, [2014-02-25T15:50:51.343948 #8956]  INFO -- : 0:  sprockets (2.2.2) from /Users/duncan/.rbenv/versions/2.0.0-p247/lib/ruby/gems/2.0.0/specifications/sprockets-2.2.2.gemspec
I, [2014-02-25T15:50:51.344237 #8956]  INFO -- : 0:  actionpack (3.2.17) from /Users/duncan/.rbenv/versions/2.0.0-p247/lib/ruby/gems/2.0.0/specifications/actionpack-3.2.17.gemspec
I, [2014-02-25T15:50:51.344510 #8956]  INFO -- : 0:  arel (3.0.3) from /Users/duncan/.rbenv/versions/2.0.0-p247/lib/ruby/gems/2.0.0/specifications/arel-3.0.3.gemspec
I, [2014-02-25T15:50:51.344818 #8956]  INFO -- : 0:  tzinfo (0.3.38) from /Users/duncan/.rbenv/versions/2.0.0-p247/lib/ruby/gems/2.0.0/specifications/tzinfo-0.3.38.gemspec
I, [2014-02-25T15:50:51.345094 #8956]  INFO -- : 0:  activerecord (3.2.17) from /Users/duncan/.rbenv/versions/2.0.0-p247/lib/ruby/gems/2.0.0/specifications/activerecord-3.2.17.gemspec
I, [2014-02-25T15:50:51.345374 #8956]  INFO -- : 0:  addressable (2.3.5) from /Users/duncan/.rbenv/versions/2.0.0-p247/lib/ruby/gems/2.0.0/specifications/addressable-2.3.5.gemspec
I, [2014-02-25T15:50:51.352307 #8956]  INFO -- : 0:  atomic (1.1.14) from /Users/duncan/.rbenv/versions/2.0.0-p247/lib/ruby/gems/2.0.0/specifications/atomic-1.1.14.gemspec
I, [2014-02-25T15:50:51.352648 #8956]  INFO -- : 0:  bcrypt (3.1.7) from /Users/duncan/.rbenv/versions/2.0.0-p247/lib/ruby/gems/2.0.0/specifications/bcrypt-3.1.7.gemspec
I, [2014-02-25T15:50:51.352986 #8956]  INFO -- : 0:  bcrypt-ruby (3.1.5) from /Users/duncan/.rbenv/versions/2.0.0-p247/lib/ruby/gems/2.0.0/specifications/bcrypt-ruby-3.1.5.gemspec
I, [2014-02-25T15:50:51.353258 #8956]  INFO -- : 0:  buftok (0.2.0) from /Users/duncan/.rbenv/versions/2.0.0-p247/lib/ruby/gems/2.0.0/specifications/buftok-0.2.0.gemspec
I, [2014-02-25T15:50:51.353539 #8956]  INFO -- : 0:  data_objects (0.10.14) from /Users/duncan/.rbenv/versions/2.0.0-p247/lib/ruby/gems/2.0.0/specifications/data_objects-0.10.14.gemspec
I, [2014-02-25T15:50:51.353837 #8956]  INFO -- : 0:  dm-core (1.2.1) from /Users/duncan/.rbenv/versions/2.0.0-p247/lib/ruby/gems/2.0.0/specifications/dm-core-1.2.1.gemspec
I, [2014-02-25T15:50:51.354103 #8956]  INFO -- : 0:  dm-aggregates (1.2.0) from /Users/duncan/.rbenv/versions/2.0.0-p247/lib/ruby/gems/2.0.0/specifications/dm-aggregates-1.2.0.gemspec
I, [2014-02-25T15:50:51.354399 #8956]  INFO -- : 0:  dm-constraints (1.2.0) from /Users/duncan/.rbenv/versions/2.0.0-p247/lib/ruby/gems/2.0.0/specifications/dm-constraints-1.2.0.gemspec
I, [2014-02-25T15:50:51.354672 #8956]  INFO -- : 0:  dm-migrations (1.2.0) from /Users/duncan/.rbenv/versions/2.0.0-p247/lib/ruby/gems/2.0.0/specifications/dm-migrations-1.2.0.gemspec
I, [2014-02-25T15:50:51.354954 #8956]  INFO -- : 0:  fastercsv (1.5.5) from /Users/duncan/.rbenv/versions/2.0.0-p247/lib/ruby/gems/2.0.0/specifications/fastercsv-1.5.5.gemspec
I, [2014-02-25T15:50:51.355226 #8956]  INFO -- : 0:  json (1.8.1) from /Users/duncan/.rbenv/versions/2.0.0-p247/lib/ruby/gems/2.0.0/specifications/json-1.8.1.gemspec
I, [2014-02-25T15:50:51.355505 #8956]  INFO -- : 0:  json_pure (1.8.1) from /Users/duncan/.rbenv/versions/2.0.0-p247/lib/ruby/gems/2.0.0/specifications/json_pure-1.8.1.gemspec
I, [2014-02-25T15:50:51.355783 #8956]  INFO -- : 0:  dm-serializer (1.2.2) from /Users/duncan/.rbenv/versions/2.0.0-p247/lib/ruby/gems/2.0.0/specifications/dm-serializer-1.2.2.gemspec
I, [2014-02-25T15:50:51.356054 #8956]  INFO -- : 0:  dm-timestamps (1.2.0) from /Users/duncan/.rbenv/versions/2.0.0-p247/lib/ruby/gems/2.0.0/specifications/dm-timestamps-1.2.0.gemspec
I, [2014-02-25T15:50:51.356390 #8956]  INFO -- : 0:  dm-transactions (1.2.0) from /Users/duncan/.rbenv/versions/2.0.0-p247/lib/ruby/gems/2.0.0/specifications/dm-transactions-1.2.0.gemspec
I, [2014-02-25T15:50:51.356669 #8956]  INFO -- : 0:  stringex (1.5.1) from /Users/duncan/.rbenv/versions/2.0.0-p247/lib/ruby/gems/2.0.0/specifications/stringex-1.5.1.gemspec
I, [2014-02-25T15:50:51.356942 #8956]  INFO -- : 0:  uuidtools (2.1.4) from /Users/duncan/.rbenv/versions/2.0.0-p247/lib/ruby/gems/2.0.0/specifications/uuidtools-2.1.4.gemspec
I, [2014-02-25T15:50:51.357223 #8956]  INFO -- : 0:  dm-types (1.2.2) from /Users/duncan/.rbenv/versions/2.0.0-p247/lib/ruby/gems/2.0.0/specifications/dm-types-1.2.2.gemspec
I, [2014-02-25T15:50:51.357480 #8956]  INFO -- : 0:  dm-validations (1.2.0) from /Users/duncan/.rbenv/versions/2.0.0-p247/lib/ruby/gems/2.0.0/specifications/dm-validations-1.2.0.gemspec
I, [2014-02-25T15:50:51.357745 #8956]  INFO -- : 0:  datamapper (1.2.0) from /Users/duncan/.rbenv/versions/2.0.0-p247/lib/ruby/gems/2.0.0/specifications/datamapper-1.2.0.gemspec
I, [2014-02-25T15:50:51.358038 #8956]  INFO -- : 0:  diff-lcs (1.2.5) from /Users/duncan/.rbenv/versions/2.0.0-p247/lib/ruby/gems/2.0.0/specifications/diff-lcs-1.2.5.gemspec
I, [2014-02-25T15:50:51.358306 #8956]  INFO -- : 0:  dm-do-adapter (1.2.0) from /Users/duncan/.rbenv/versions/2.0.0-p247/lib/ruby/gems/2.0.0/specifications/dm-do-adapter-1.2.0.gemspec
I, [2014-02-25T15:50:51.358567 #8956]  INFO -- : 0:  do_sqlite3 (0.10.14) from /Users/duncan/.rbenv/versions/2.0.0-p247/lib/ruby/gems/2.0.0/specifications/do_sqlite3-0.10.14.gemspec
I, [2014-02-25T15:50:51.358824 #8956]  INFO -- : 0:  dm-sqlite-adapter (1.2.0) from /Users/duncan/.rbenv/versions/2.0.0-p247/lib/ruby/gems/2.0.0/specifications/dm-sqlite-adapter-1.2.0.gemspec
I, [2014-02-25T15:50:51.359077 #8956]  INFO -- : 0:  equalizer (0.0.9) from /Users/duncan/.rbenv/versions/2.0.0-p247/lib/ruby/gems/2.0.0/specifications/equalizer-0.0.9.gemspec
I, [2014-02-25T15:50:51.359345 #8956]  INFO -- : 0:  multipart-post (2.0.0) from /Users/duncan/.rbenv/versions/2.0.0-p247/lib/ruby/gems/2.0.0/specifications/multipart-post-2.0.0.gemspec
I, [2014-02-25T15:50:51.359607 #8956]  INFO -- : 0:  faraday (0.9.0) from /Users/duncan/.rbenv/versions/2.0.0-p247/lib/ruby/gems/2.0.0/specifications/faraday-0.9.0.gemspec
I, [2014-02-25T15:50:51.359868 #8956]  INFO -- : 0:  http_parser.rb (0.6.0) from /Users/duncan/.rbenv/versions/2.0.0-p247/lib/ruby/gems/2.0.0/specifications/http_parser.rb-0.6.0.gemspec
I, [2014-02-25T15:50:51.360122 #8956]  INFO -- : 0:  http (0.5.0) from /Users/duncan/.rbenv/versions/2.0.0-p247/lib/ruby/gems/2.0.0/specifications/http-0.5.0.gemspec
I, [2014-02-25T15:50:51.360377 #8956]  INFO -- : 0:  thread_safe (0.1.3) from /Users/duncan/.rbenv/versions/2.0.0-p247/lib/ruby/gems/2.0.0/specifications/thread_safe-0.1.3.gemspec
I, [2014-02-25T15:50:51.360641 #8956]  INFO -- : 0:  memoizable (0.4.0) from /Users/duncan/.rbenv/versions/2.0.0-p247/lib/ruby/gems/2.0.0/specifications/memoizable-0.4.0.gemspec
I, [2014-02-25T15:50:51.360892 #8956]  INFO -- : 0:  naught (1.0.0) from /Users/duncan/.rbenv/versions/2.0.0-p247/lib/ruby/gems/2.0.0/specifications/naught-1.0.0.gemspec
I, [2014-02-25T15:50:51.361153 #8956]  INFO -- : 0:  rack-ssl (1.3.3) from /Users/duncan/.rbenv/versions/2.0.0-p247/lib/ruby/gems/2.0.0/specifications/rack-ssl-1.3.3.gemspec
I, [2014-02-25T15:50:51.361422 #8956]  INFO -- : 0:  rdoc (3.12.2) from /Users/duncan/.rbenv/versions/2.0.0-p247/lib/ruby/gems/2.0.0/specifications/rdoc-3.12.2.gemspec
I, [2014-02-25T15:50:51.361681 #8956]  INFO -- : 0:  thor (0.18.1) from /Users/duncan/.rbenv/versions/2.0.0-p247/lib/ruby/gems/2.0.0/specifications/thor-0.18.1.gemspec
I, [2014-02-25T15:50:51.361943 #8956]  INFO -- : 0:  railties (3.2.17) from /Users/duncan/.rbenv/versions/2.0.0-p247/lib/ruby/gems/2.0.0/specifications/railties-3.2.17.gemspec
I, [2014-02-25T15:50:51.362204 #8956]  INFO -- : 0:  rspec-core (2.14.7) from /Users/duncan/.rbenv/versions/2.0.0-p247/lib/ruby/gems/2.0.0/specifications/rspec-core-2.14.7.gemspec
I, [2014-02-25T15:50:51.362470 #8956]  INFO -- : 0:  rspec-expectations (2.14.4) from /Users/duncan/.rbenv/versions/2.0.0-p247/lib/ruby/gems/2.0.0/specifications/rspec-expectations-2.14.4.gemspec
I, [2014-02-25T15:50:51.362728 #8956]  INFO -- : 0:  rspec-mocks (2.14.4) from /Users/duncan/.rbenv/versions/2.0.0-p247/lib/ruby/gems/2.0.0/specifications/rspec-mocks-2.14.4.gemspec
I, [2014-02-25T15:50:51.363006 #8956]  INFO -- : 0:  rspec (2.14.1) from /Users/duncan/.rbenv/versions/2.0.0-p247/lib/ruby/gems/2.0.0/specifications/rspec-2.14.1.gemspec
I, [2014-02-25T15:50:51.363273 #8956]  INFO -- : 0:  simple_oauth (0.2.0) from /Users/duncan/.rbenv/versions/2.0.0-p247/lib/ruby/gems/2.0.0/specifications/simple_oauth-0.2.0.gemspec
I, [2014-02-25T15:50:51.363532 #8956]  INFO -- : 0:  sqlite3 (1.3.8) from /Users/duncan/.rbenv/versions/2.0.0-p247/lib/ruby/gems/2.0.0/specifications/sqlite3-1.3.8.gemspec
I, [2014-02-25T15:50:51.363804 #8956]  INFO -- : 0:  standalone_migrations (2.1.1) from /Users/duncan/.rbenv/versions/2.0.0-p247/lib/ruby/gems/2.0.0/specifications/standalone_migrations-2.1.1.gemspec
I, [2014-02-25T15:50:51.364078 #8956]  INFO -- : 0:  twitter (5.7.1) from /Users/duncan/.rbenv/versions/2.0.0-p247/lib/ruby/gems/2.0.0/specifications/twitter-5.7.1.gemspec
I, [2014-02-25T15:50:51.364320 #8956]  INFO -- : 0:  bundler (1.5.1) from /Users/duncan/.rbenv/versions/2.0.0-p247/lib/ruby/gems/2.0.0/specifications/bundler-1.5.1.gemspec
I, [2014-02-25T16:15:44.181727 #10231]  INFO -- : 0:  rake (10.1.1) from /Users/duncan/.rbenv/versions/2.0.0-p247/lib/ruby/gems/2.0.0/specifications/rake-10.1.1.gemspec
I, [2014-02-25T16:15:44.182198 #10231]  INFO -- : 0:  i18n (0.6.9) from /Users/duncan/.rbenv/versions/2.0.0-p247/lib/ruby/gems/2.0.0/specifications/i18n-0.6.9.gemspec
I, [2014-02-25T16:15:44.182512 #10231]  INFO -- : 0:  multi_json (1.8.4) from /Users/duncan/.rbenv/versions/2.0.0-p247/lib/ruby/gems/2.0.0/specifications/multi_json-1.8.4.gemspec
I, [2014-02-25T16:15:44.182815 #10231]  INFO -- : 0:  activesupport (3.2.17) from /Users/duncan/.rbenv/versions/2.0.0-p247/lib/ruby/gems/2.0.0/specifications/activesupport-3.2.17.gemspec
I, [2014-02-25T16:15:44.183111 #10231]  INFO -- : 0:  builder (3.0.4) from /Users/duncan/.rbenv/versions/2.0.0-p247/lib/ruby/gems/2.0.0/specifications/builder-3.0.4.gemspec
I, [2014-02-25T16:15:44.183420 #10231]  INFO -- : 0:  activemodel (3.2.17) from /Users/duncan/.rbenv/versions/2.0.0-p247/lib/ruby/gems/2.0.0/specifications/activemodel-3.2.17.gemspec
I, [2014-02-25T16:15:44.183696 #10231]  INFO -- : 0:  erubis (2.7.0) from /Users/duncan/.rbenv/versions/2.0.0-p247/lib/ruby/gems/2.0.0/specifications/erubis-2.7.0.gemspec
I, [2014-02-25T16:15:44.183957 #10231]  INFO -- : 0:  journey (1.0.4) from /Users/duncan/.rbenv/versions/2.0.0-p247/lib/ruby/gems/2.0.0/specifications/journey-1.0.4.gemspec
I, [2014-02-25T16:15:44.184236 #10231]  INFO -- : 0:  rack (1.4.5) from /Users/duncan/.rbenv/versions/2.0.0-p247/lib/ruby/gems/2.0.0/specifications/rack-1.4.5.gemspec
I, [2014-02-25T16:15:44.184518 #10231]  INFO -- : 0:  rack-cache (1.2) from /Users/duncan/.rbenv/versions/2.0.0-p247/lib/ruby/gems/2.0.0/specifications/rack-cache-1.2.gemspec
I, [2014-02-25T16:15:44.184785 #10231]  INFO -- : 0:  rack-test (0.6.2) from /Users/duncan/.rbenv/versions/2.0.0-p247/lib/ruby/gems/2.0.0/specifications/rack-test-0.6.2.gemspec
I, [2014-02-25T16:15:44.185076 #10231]  INFO -- : 0:  hike (1.2.3) from /Users/duncan/.rbenv/versions/2.0.0-p247/lib/ruby/gems/2.0.0/specifications/hike-1.2.3.gemspec
I, [2014-02-25T16:15:44.192905 #10231]  INFO -- : 0:  tilt (1.4.1) from /Users/duncan/.rbenv/versions/2.0.0-p247/lib/ruby/gems/2.0.0/specifications/tilt-1.4.1.gemspec
I, [2014-02-25T16:15:44.193428 #10231]  INFO -- : 0:  sprockets (2.2.2) from /Users/duncan/.rbenv/versions/2.0.0-p247/lib/ruby/gems/2.0.0/specifications/sprockets-2.2.2.gemspec
I, [2014-02-25T16:15:44.193988 #10231]  INFO -- : 0:  actionpack (3.2.17) from /Users/duncan/.rbenv/versions/2.0.0-p247/lib/ruby/gems/2.0.0/specifications/actionpack-3.2.17.gemspec
I, [2014-02-25T16:15:44.194449 #10231]  INFO -- : 0:  arel (3.0.3) from /Users/duncan/.rbenv/versions/2.0.0-p247/lib/ruby/gems/2.0.0/specifications/arel-3.0.3.gemspec
I, [2014-02-25T16:15:44.194961 #10231]  INFO -- : 0:  tzinfo (0.3.38) from /Users/duncan/.rbenv/versions/2.0.0-p247/lib/ruby/gems/2.0.0/specifications/tzinfo-0.3.38.gemspec
I, [2014-02-25T16:15:44.195537 #10231]  INFO -- : 0:  activerecord (3.2.17) from /Users/duncan/.rbenv/versions/2.0.0-p247/lib/ruby/gems/2.0.0/specifications/activerecord-3.2.17.gemspec
I, [2014-02-25T16:15:44.196037 #10231]  INFO -- : 0:  addressable (2.3.5) from /Users/duncan/.rbenv/versions/2.0.0-p247/lib/ruby/gems/2.0.0/specifications/addressable-2.3.5.gemspec
I, [2014-02-25T16:15:44.196584 #10231]  INFO -- : 0:  atomic (1.1.14) from /Users/duncan/.rbenv/versions/2.0.0-p247/lib/ruby/gems/2.0.0/specifications/atomic-1.1.14.gemspec
I, [2014-02-25T16:15:44.197085 #10231]  INFO -- : 0:  bcrypt (3.1.7) from /Users/duncan/.rbenv/versions/2.0.0-p247/lib/ruby/gems/2.0.0/specifications/bcrypt-3.1.7.gemspec
I, [2014-02-25T16:15:44.197564 #10231]  INFO -- : 0:  bcrypt-ruby (3.1.5) from /Users/duncan/.rbenv/versions/2.0.0-p247/lib/ruby/gems/2.0.0/specifications/bcrypt-ruby-3.1.5.gemspec
I, [2014-02-25T16:15:44.198044 #10231]  INFO -- : 0:  buftok (0.2.0) from /Users/duncan/.rbenv/versions/2.0.0-p247/lib/ruby/gems/2.0.0/specifications/buftok-0.2.0.gemspec
I, [2014-02-25T16:15:44.198488 #10231]  INFO -- : 0:  data_objects (0.10.14) from /Users/duncan/.rbenv/versions/2.0.0-p247/lib/ruby/gems/2.0.0/specifications/data_objects-0.10.14.gemspec
I, [2014-02-25T16:15:44.198954 #10231]  INFO -- : 0:  database_cleaner (1.2.0) from /Users/duncan/.rbenv/versions/2.0.0-p247/lib/ruby/gems/2.0.0/specifications/database_cleaner-1.2.0.gemspec
I, [2014-02-25T16:15:44.199372 #10231]  INFO -- : 0:  dm-core (1.2.1) from /Users/duncan/.rbenv/versions/2.0.0-p247/lib/ruby/gems/2.0.0/specifications/dm-core-1.2.1.gemspec
I, [2014-02-25T16:15:44.199681 #10231]  INFO -- : 0:  dm-aggregates (1.2.0) from /Users/duncan/.rbenv/versions/2.0.0-p247/lib/ruby/gems/2.0.0/specifications/dm-aggregates-1.2.0.gemspec
I, [2014-02-25T16:15:44.199971 #10231]  INFO -- : 0:  dm-constraints (1.2.0) from /Users/duncan/.rbenv/versions/2.0.0-p247/lib/ruby/gems/2.0.0/specifications/dm-constraints-1.2.0.gemspec
I, [2014-02-25T16:15:44.200244 #10231]  INFO -- : 0:  dm-migrations (1.2.0) from /Users/duncan/.rbenv/versions/2.0.0-p247/lib/ruby/gems/2.0.0/specifications/dm-migrations-1.2.0.gemspec
I, [2014-02-25T16:15:44.200660 #10231]  INFO -- : 0:  fastercsv (1.5.5) from /Users/duncan/.rbenv/versions/2.0.0-p247/lib/ruby/gems/2.0.0/specifications/fastercsv-1.5.5.gemspec
I, [2014-02-25T16:15:44.200987 #10231]  INFO -- : 0:  json (1.8.1) from /Users/duncan/.rbenv/versions/2.0.0-p247/lib/ruby/gems/2.0.0/specifications/json-1.8.1.gemspec
I, [2014-02-25T16:15:44.201287 #10231]  INFO -- : 0:  json_pure (1.8.1) from /Users/duncan/.rbenv/versions/2.0.0-p247/lib/ruby/gems/2.0.0/specifications/json_pure-1.8.1.gemspec
I, [2014-02-25T16:15:44.201601 #10231]  INFO -- : 0:  dm-serializer (1.2.2) from /Users/duncan/.rbenv/versions/2.0.0-p247/lib/ruby/gems/2.0.0/specifications/dm-serializer-1.2.2.gemspec
I, [2014-02-25T16:15:44.201893 #10231]  INFO -- : 0:  dm-timestamps (1.2.0) from /Users/duncan/.rbenv/versions/2.0.0-p247/lib/ruby/gems/2.0.0/specifications/dm-timestamps-1.2.0.gemspec
I, [2014-02-25T16:15:44.202198 #10231]  INFO -- : 0:  dm-transactions (1.2.0) from /Users/duncan/.rbenv/versions/2.0.0-p247/lib/ruby/gems/2.0.0/specifications/dm-transactions-1.2.0.gemspec
I, [2014-02-25T16:15:44.202530 #10231]  INFO -- : 0:  stringex (1.5.1) from /Users/duncan/.rbenv/versions/2.0.0-p247/lib/ruby/gems/2.0.0/specifications/stringex-1.5.1.gemspec
I, [2014-02-25T16:15:44.202834 #10231]  INFO -- : 0:  uuidtools (2.1.4) from /Users/duncan/.rbenv/versions/2.0.0-p247/lib/ruby/gems/2.0.0/specifications/uuidtools-2.1.4.gemspec
I, [2014-02-25T16:15:44.203141 #10231]  INFO -- : 0:  dm-types (1.2.2) from /Users/duncan/.rbenv/versions/2.0.0-p247/lib/ruby/gems/2.0.0/specifications/dm-types-1.2.2.gemspec
I, [2014-02-25T16:15:44.203449 #10231]  INFO -- : 0:  dm-validations (1.2.0) from /Users/duncan/.rbenv/versions/2.0.0-p247/lib/ruby/gems/2.0.0/specifications/dm-validations-1.2.0.gemspec
I, [2014-02-25T16:15:44.203720 #10231]  INFO -- : 0:  datamapper (1.2.0) from /Users/duncan/.rbenv/versions/2.0.0-p247/lib/ruby/gems/2.0.0/specifications/datamapper-1.2.0.gemspec
I, [2014-02-25T16:15:44.204031 #10231]  INFO -- : 0:  diff-lcs (1.2.5) from /Users/duncan/.rbenv/versions/2.0.0-p247/lib/ruby/gems/2.0.0/specifications/diff-lcs-1.2.5.gemspec
I, [2014-02-25T16:15:44.204342 #10231]  INFO -- : 0:  dm-do-adapter (1.2.0) from /Users/duncan/.rbenv/versions/2.0.0-p247/lib/ruby/gems/2.0.0/specifications/dm-do-adapter-1.2.0.gemspec
I, [2014-02-25T16:15:44.204618 #10231]  INFO -- : 0:  do_sqlite3 (0.10.14) from /Users/duncan/.rbenv/versions/2.0.0-p247/lib/ruby/gems/2.0.0/specifications/do_sqlite3-0.10.14.gemspec
I, [2014-02-25T16:15:44.204934 #10231]  INFO -- : 0:  dm-sqlite-adapter (1.2.0) from /Users/duncan/.rbenv/versions/2.0.0-p247/lib/ruby/gems/2.0.0/specifications/dm-sqlite-adapter-1.2.0.gemspec
I, [2014-02-25T16:15:44.205232 #10231]  INFO -- : 0:  equalizer (0.0.9) from /Users/duncan/.rbenv/versions/2.0.0-p247/lib/ruby/gems/2.0.0/specifications/equalizer-0.0.9.gemspec
I, [2014-02-25T16:15:44.205549 #10231]  INFO -- : 0:  multipart-post (2.0.0) from /Users/duncan/.rbenv/versions/2.0.0-p247/lib/ruby/gems/2.0.0/specifications/multipart-post-2.0.0.gemspec
I, [2014-02-25T16:15:44.205830 #10231]  INFO -- : 0:  faraday (0.9.0) from /Users/duncan/.rbenv/versions/2.0.0-p247/lib/ruby/gems/2.0.0/specifications/faraday-0.9.0.gemspec
I, [2014-02-25T16:15:44.206145 #10231]  INFO -- : 0:  http_parser.rb (0.6.0) from /Users/duncan/.rbenv/versions/2.0.0-p247/lib/ruby/gems/2.0.0/specifications/http_parser.rb-0.6.0.gemspec
I, [2014-02-25T16:15:44.206422 #10231]  INFO -- : 0:  http (0.5.0) from /Users/duncan/.rbenv/versions/2.0.0-p247/lib/ruby/gems/2.0.0/specifications/http-0.5.0.gemspec
I, [2014-02-25T16:15:44.206739 #10231]  INFO -- : 0:  thread_safe (0.1.3) from /Users/duncan/.rbenv/versions/2.0.0-p247/lib/ruby/gems/2.0.0/specifications/thread_safe-0.1.3.gemspec
I, [2014-02-25T16:15:44.207023 #10231]  INFO -- : 0:  memoizable (0.4.0) from /Users/duncan/.rbenv/versions/2.0.0-p247/lib/ruby/gems/2.0.0/specifications/memoizable-0.4.0.gemspec
I, [2014-02-25T16:15:44.207290 #10231]  INFO -- : 0:  naught (1.0.0) from /Users/duncan/.rbenv/versions/2.0.0-p247/lib/ruby/gems/2.0.0/specifications/naught-1.0.0.gemspec
I, [2014-02-25T16:15:44.207611 #10231]  INFO -- : 0:  rack-ssl (1.3.3) from /Users/duncan/.rbenv/versions/2.0.0-p247/lib/ruby/gems/2.0.0/specifications/rack-ssl-1.3.3.gemspec
I, [2014-02-25T16:15:44.207892 #10231]  INFO -- : 0:  rdoc (3.12.2) from /Users/duncan/.rbenv/versions/2.0.0-p247/lib/ruby/gems/2.0.0/specifications/rdoc-3.12.2.gemspec
I, [2014-02-25T16:15:44.208208 #10231]  INFO -- : 0:  thor (0.18.1) from /Users/duncan/.rbenv/versions/2.0.0-p247/lib/ruby/gems/2.0.0/specifications/thor-0.18.1.gemspec
I, [2014-02-25T16:15:44.208493 #10231]  INFO -- : 0:  railties (3.2.17) from /Users/duncan/.rbenv/versions/2.0.0-p247/lib/ruby/gems/2.0.0/specifications/railties-3.2.17.gemspec
I, [2014-02-25T16:15:44.208815 #10231]  INFO -- : 0:  rspec-core (2.14.7) from /Users/duncan/.rbenv/versions/2.0.0-p247/lib/ruby/gems/2.0.0/specifications/rspec-core-2.14.7.gemspec
I, [2014-02-25T16:15:44.209093 #10231]  INFO -- : 0:  rspec-expectations (2.14.4) from /Users/duncan/.rbenv/versions/2.0.0-p247/lib/ruby/gems/2.0.0/specifications/rspec-expectations-2.14.4.gemspec
I, [2014-02-25T16:15:44.209420 #10231]  INFO -- : 0:  rspec-mocks (2.14.4) from /Users/duncan/.rbenv/versions/2.0.0-p247/lib/ruby/gems/2.0.0/specifications/rspec-mocks-2.14.4.gemspec
I, [2014-02-25T16:15:44.209688 #10231]  INFO -- : 0:  rspec (2.14.1) from /Users/duncan/.rbenv/versions/2.0.0-p247/lib/ruby/gems/2.0.0/specifications/rspec-2.14.1.gemspec
I, [2014-02-25T16:15:44.209998 #10231]  INFO -- : 0:  simple_oauth (0.2.0) from /Users/duncan/.rbenv/versions/2.0.0-p247/lib/ruby/gems/2.0.0/specifications/simple_oauth-0.2.0.gemspec
I, [2014-02-25T16:15:44.210278 #10231]  INFO -- : 0:  sqlite3 (1.3.8) from /Users/duncan/.rbenv/versions/2.0.0-p247/lib/ruby/gems/2.0.0/specifications/sqlite3-1.3.8.gemspec
I, [2014-02-25T16:15:44.210597 #10231]  INFO -- : 0:  standalone_migrations (2.1.1) from /Users/duncan/.rbenv/versions/2.0.0-p247/lib/ruby/gems/2.0.0/specifications/standalone_migrations-2.1.1.gemspec
I, [2014-02-25T16:15:44.210884 #10231]  INFO -- : 0:  twitter (5.7.1) from /Users/duncan/.rbenv/versions/2.0.0-p247/lib/ruby/gems/2.0.0/specifications/twitter-5.7.1.gemspec
I, [2014-02-25T16:15:44.211163 #10231]  INFO -- : 0:  bundler (1.5.1) from /Users/duncan/.rbenv/versions/2.0.0-p247/lib/ruby/gems/2.0.0/specifications/bundler-1.5.1.gemspec
I, [2014-02-25T16:44:35.478713 #11371]  INFO -- : 0:  rake (10.1.1) from /Users/duncan/.rbenv/versions/2.0.0-p247/lib/ruby/gems/2.0.0/specifications/rake-10.1.1.gemspec
I, [2014-02-25T16:44:35.480788 #11371]  INFO -- : 0:  i18n (0.6.9) from /Users/duncan/.rbenv/versions/2.0.0-p247/lib/ruby/gems/2.0.0/specifications/i18n-0.6.9.gemspec
I, [2014-02-25T16:44:35.481241 #11371]  INFO -- : 0:  multi_json (1.8.4) from /Users/duncan/.rbenv/versions/2.0.0-p247/lib/ruby/gems/2.0.0/specifications/multi_json-1.8.4.gemspec
I, [2014-02-25T16:44:35.481644 #11371]  INFO -- : 0:  activesupport (3.2.17) from /Users/duncan/.rbenv/versions/2.0.0-p247/lib/ruby/gems/2.0.0/specifications/activesupport-3.2.17.gemspec
I, [2014-02-25T16:44:35.482056 #11371]  INFO -- : 0:  builder (3.0.4) from /Users/duncan/.rbenv/versions/2.0.0-p247/lib/ruby/gems/2.0.0/specifications/builder-3.0.4.gemspec
I, [2014-02-25T16:44:35.482633 #11371]  INFO -- : 0:  activemodel (3.2.17) from /Users/duncan/.rbenv/versions/2.0.0-p247/lib/ruby/gems/2.0.0/specifications/activemodel-3.2.17.gemspec
I, [2014-02-25T16:44:35.483148 #11371]  INFO -- : 0:  erubis (2.7.0) from /Users/duncan/.rbenv/versions/2.0.0-p247/lib/ruby/gems/2.0.0/specifications/erubis-2.7.0.gemspec
I, [2014-02-25T16:44:35.483692 #11371]  INFO -- : 0:  journey (1.0.4) from /Users/duncan/.rbenv/versions/2.0.0-p247/lib/ruby/gems/2.0.0/specifications/journey-1.0.4.gemspec
I, [2014-02-25T16:44:35.484286 #11371]  INFO -- : 0:  rack (1.4.5) from /Users/duncan/.rbenv/versions/2.0.0-p247/lib/ruby/gems/2.0.0/specifications/rack-1.4.5.gemspec
I, [2014-02-25T16:44:35.484796 #11371]  INFO -- : 0:  rack-cache (1.2) from /Users/duncan/.rbenv/versions/2.0.0-p247/lib/ruby/gems/2.0.0/specifications/rack-cache-1.2.gemspec
I, [2014-02-25T16:44:35.485216 #11371]  INFO -- : 0:  rack-test (0.6.2) from /Users/duncan/.rbenv/versions/2.0.0-p247/lib/ruby/gems/2.0.0/specifications/rack-test-0.6.2.gemspec
I, [2014-02-25T16:44:35.485659 #11371]  INFO -- : 0:  hike (1.2.3) from /Users/duncan/.rbenv/versions/2.0.0-p247/lib/ruby/gems/2.0.0/specifications/hike-1.2.3.gemspec
I, [2014-02-25T16:44:35.486083 #11371]  INFO -- : 0:  tilt (1.4.1) from /Users/duncan/.rbenv/versions/2.0.0-p247/lib/ruby/gems/2.0.0/specifications/tilt-1.4.1.gemspec
I, [2014-02-25T16:44:35.486499 #11371]  INFO -- : 0:  sprockets (2.2.2) from /Users/duncan/.rbenv/versions/2.0.0-p247/lib/ruby/gems/2.0.0/specifications/sprockets-2.2.2.gemspec
I, [2014-02-25T16:44:35.487102 #11371]  INFO -- : 0:  actionpack (3.2.17) from /Users/duncan/.rbenv/versions/2.0.0-p247/lib/ruby/gems/2.0.0/specifications/actionpack-3.2.17.gemspec
I, [2014-02-25T16:44:35.496349 #11371]  INFO -- : 0:  arel (3.0.3) from /Users/duncan/.rbenv/versions/2.0.0-p247/lib/ruby/gems/2.0.0/specifications/arel-3.0.3.gemspec
I, [2014-02-25T16:44:35.496903 #11371]  INFO -- : 0:  tzinfo (0.3.38) from /Users/duncan/.rbenv/versions/2.0.0-p247/lib/ruby/gems/2.0.0/specifications/tzinfo-0.3.38.gemspec
I, [2014-02-25T16:44:35.497456 #11371]  INFO -- : 0:  activerecord (3.2.17) from /Users/duncan/.rbenv/versions/2.0.0-p247/lib/ruby/gems/2.0.0/specifications/activerecord-3.2.17.gemspec
I, [2014-02-25T16:44:35.497960 #11371]  INFO -- : 0:  addressable (2.3.5) from /Users/duncan/.rbenv/versions/2.0.0-p247/lib/ruby/gems/2.0.0/specifications/addressable-2.3.5.gemspec
I, [2014-02-25T16:44:35.498414 #11371]  INFO -- : 0:  atomic (1.1.14) from /Users/duncan/.rbenv/versions/2.0.0-p247/lib/ruby/gems/2.0.0/specifications/atomic-1.1.14.gemspec
I, [2014-02-25T16:44:35.498868 #11371]  INFO -- : 0:  bcrypt (3.1.7) from /Users/duncan/.rbenv/versions/2.0.0-p247/lib/ruby/gems/2.0.0/specifications/bcrypt-3.1.7.gemspec
I, [2014-02-25T16:44:35.499197 #11371]  INFO -- : 0:  bcrypt-ruby (3.1.5) from /Users/duncan/.rbenv/versions/2.0.0-p247/lib/ruby/gems/2.0.0/specifications/bcrypt-ruby-3.1.5.gemspec
I, [2014-02-25T16:44:35.499631 #11371]  INFO -- : 0:  buftok (0.2.0) from /Users/duncan/.rbenv/versions/2.0.0-p247/lib/ruby/gems/2.0.0/specifications/buftok-0.2.0.gemspec
I, [2014-02-25T16:44:35.500059 #11371]  INFO -- : 0:  data_objects (0.10.14) from /Users/duncan/.rbenv/versions/2.0.0-p247/lib/ruby/gems/2.0.0/specifications/data_objects-0.10.14.gemspec
I, [2014-02-25T16:44:35.500523 #11371]  INFO -- : 0:  database_cleaner (1.2.0) from /Users/duncan/.rbenv/versions/2.0.0-p247/lib/ruby/gems/2.0.0/specifications/database_cleaner-1.2.0.gemspec
I, [2014-02-25T16:44:35.500934 #11371]  INFO -- : 0:  dm-core (1.2.1) from /Users/duncan/.rbenv/versions/2.0.0-p247/lib/ruby/gems/2.0.0/specifications/dm-core-1.2.1.gemspec
I, [2014-02-25T16:44:35.501402 #11371]  INFO -- : 0:  dm-aggregates (1.2.0) from /Users/duncan/.rbenv/versions/2.0.0-p247/lib/ruby/gems/2.0.0/specifications/dm-aggregates-1.2.0.gemspec
I, [2014-02-25T16:44:35.501730 #11371]  INFO -- : 0:  dm-constraints (1.2.0) from /Users/duncan/.rbenv/versions/2.0.0-p247/lib/ruby/gems/2.0.0/specifications/dm-constraints-1.2.0.gemspec
I, [2014-02-25T16:44:35.502170 #11371]  INFO -- : 0:  dm-migrations (1.2.0) from /Users/duncan/.rbenv/versions/2.0.0-p247/lib/ruby/gems/2.0.0/specifications/dm-migrations-1.2.0.gemspec
I, [2014-02-25T16:44:35.502670 #11371]  INFO -- : 0:  fastercsv (1.5.5) from /Users/duncan/.rbenv/versions/2.0.0-p247/lib/ruby/gems/2.0.0/specifications/fastercsv-1.5.5.gemspec
I, [2014-02-25T16:44:35.503165 #11371]  INFO -- : 0:  json (1.8.1) from /Users/duncan/.rbenv/versions/2.0.0-p247/lib/ruby/gems/2.0.0/specifications/json-1.8.1.gemspec
I, [2014-02-25T16:44:35.503616 #11371]  INFO -- : 0:  json_pure (1.8.1) from /Users/duncan/.rbenv/versions/2.0.0-p247/lib/ruby/gems/2.0.0/specifications/json_pure-1.8.1.gemspec
I, [2014-02-25T16:44:35.504047 #11371]  INFO -- : 0:  dm-serializer (1.2.2) from /Users/duncan/.rbenv/versions/2.0.0-p247/lib/ruby/gems/2.0.0/specifications/dm-serializer-1.2.2.gemspec
I, [2014-02-25T16:44:35.504501 #11371]  INFO -- : 0:  dm-timestamps (1.2.0) from /Users/duncan/.rbenv/versions/2.0.0-p247/lib/ruby/gems/2.0.0/specifications/dm-timestamps-1.2.0.gemspec
I, [2014-02-25T16:44:35.504992 #11371]  INFO -- : 0:  dm-transactions (1.2.0) from /Users/duncan/.rbenv/versions/2.0.0-p247/lib/ruby/gems/2.0.0/specifications/dm-transactions-1.2.0.gemspec
I, [2014-02-25T16:44:35.505431 #11371]  INFO -- : 0:  stringex (1.5.1) from /Users/duncan/.rbenv/versions/2.0.0-p247/lib/ruby/gems/2.0.0/specifications/stringex-1.5.1.gemspec
I, [2014-02-25T16:44:35.505868 #11371]  INFO -- : 0:  uuidtools (2.1.4) from /Users/duncan/.rbenv/versions/2.0.0-p247/lib/ruby/gems/2.0.0/specifications/uuidtools-2.1.4.gemspec
I, [2014-02-25T16:44:35.506299 #11371]  INFO -- : 0:  dm-types (1.2.2) from /Users/duncan/.rbenv/versions/2.0.0-p247/lib/ruby/gems/2.0.0/specifications/dm-types-1.2.2.gemspec
I, [2014-02-25T16:44:35.506672 #11371]  INFO -- : 0:  dm-validations (1.2.0) from /Users/duncan/.rbenv/versions/2.0.0-p247/lib/ruby/gems/2.0.0/specifications/dm-validations-1.2.0.gemspec
I, [2014-02-25T16:44:35.507091 #11371]  INFO -- : 0:  datamapper (1.2.0) from /Users/duncan/.rbenv/versions/2.0.0-p247/lib/ruby/gems/2.0.0/specifications/datamapper-1.2.0.gemspec
I, [2014-02-25T16:44:35.507592 #11371]  INFO -- : 0:  diff-lcs (1.2.5) from /Users/duncan/.rbenv/versions/2.0.0-p247/lib/ruby/gems/2.0.0/specifications/diff-lcs-1.2.5.gemspec
I, [2014-02-25T16:44:35.507950 #11371]  INFO -- : 0:  dm-do-adapter (1.2.0) from /Users/duncan/.rbenv/versions/2.0.0-p247/lib/ruby/gems/2.0.0/specifications/dm-do-adapter-1.2.0.gemspec
I, [2014-02-25T16:44:35.508299 #11371]  INFO -- : 0:  do_sqlite3 (0.10.14) from /Users/duncan/.rbenv/versions/2.0.0-p247/lib/ruby/gems/2.0.0/specifications/do_sqlite3-0.10.14.gemspec
I, [2014-02-25T16:44:35.508647 #11371]  INFO -- : 0:  dm-sqlite-adapter (1.2.0) from /Users/duncan/.rbenv/versions/2.0.0-p247/lib/ruby/gems/2.0.0/specifications/dm-sqlite-adapter-1.2.0.gemspec
I, [2014-02-25T16:44:35.508997 #11371]  INFO -- : 0:  equalizer (0.0.9) from /Users/duncan/.rbenv/versions/2.0.0-p247/lib/ruby/gems/2.0.0/specifications/equalizer-0.0.9.gemspec
I, [2014-02-25T16:44:35.509312 #11371]  INFO -- : 0:  factory_girl (4.3.0) from /Users/duncan/.rbenv/versions/2.0.0-p247/lib/ruby/gems/2.0.0/specifications/factory_girl-4.3.0.gemspec
I, [2014-02-25T16:44:35.509664 #11371]  INFO -- : 0:  multipart-post (2.0.0) from /Users/duncan/.rbenv/versions/2.0.0-p247/lib/ruby/gems/2.0.0/specifications/multipart-post-2.0.0.gemspec
I, [2014-02-25T16:44:35.509999 #11371]  INFO -- : 0:  faraday (0.9.0) from /Users/duncan/.rbenv/versions/2.0.0-p247/lib/ruby/gems/2.0.0/specifications/faraday-0.9.0.gemspec
I, [2014-02-25T16:44:35.510356 #11371]  INFO -- : 0:  http_parser.rb (0.6.0) from /Users/duncan/.rbenv/versions/2.0.0-p247/lib/ruby/gems/2.0.0/specifications/http_parser.rb-0.6.0.gemspec
I, [2014-02-25T16:44:35.510689 #11371]  INFO -- : 0:  http (0.5.0) from /Users/duncan/.rbenv/versions/2.0.0-p247/lib/ruby/gems/2.0.0/specifications/http-0.5.0.gemspec
I, [2014-02-25T16:44:35.511031 #11371]  INFO -- : 0:  thread_safe (0.1.3) from /Users/duncan/.rbenv/versions/2.0.0-p247/lib/ruby/gems/2.0.0/specifications/thread_safe-0.1.3.gemspec
I, [2014-02-25T16:44:35.511356 #11371]  INFO -- : 0:  memoizable (0.4.0) from /Users/duncan/.rbenv/versions/2.0.0-p247/lib/ruby/gems/2.0.0/specifications/memoizable-0.4.0.gemspec
I, [2014-02-25T16:44:35.511720 #11371]  INFO -- : 0:  naught (1.0.0) from /Users/duncan/.rbenv/versions/2.0.0-p247/lib/ruby/gems/2.0.0/specifications/naught-1.0.0.gemspec
I, [2014-02-25T16:44:35.512069 #11371]  INFO -- : 0:  rack-ssl (1.3.3) from /Users/duncan/.rbenv/versions/2.0.0-p247/lib/ruby/gems/2.0.0/specifications/rack-ssl-1.3.3.gemspec
I, [2014-02-25T16:44:35.512458 #11371]  INFO -- : 0:  rdoc (3.12.2) from /Users/duncan/.rbenv/versions/2.0.0-p247/lib/ruby/gems/2.0.0/specifications/rdoc-3.12.2.gemspec
I, [2014-02-25T16:44:35.512796 #11371]  INFO -- : 0:  thor (0.18.1) from /Users/duncan/.rbenv/versions/2.0.0-p247/lib/ruby/gems/2.0.0/specifications/thor-0.18.1.gemspec
I, [2014-02-25T16:44:35.513131 #11371]  INFO -- : 0:  railties (3.2.17) from /Users/duncan/.rbenv/versions/2.0.0-p247/lib/ruby/gems/2.0.0/specifications/railties-3.2.17.gemspec
I, [2014-02-25T16:44:35.513499 #11371]  INFO -- : 0:  rspec-core (2.14.7) from /Users/duncan/.rbenv/versions/2.0.0-p247/lib/ruby/gems/2.0.0/specifications/rspec-core-2.14.7.gemspec
I, [2014-02-25T16:44:35.513965 #11371]  INFO -- : 0:  rspec-expectations (2.14.4) from /Users/duncan/.rbenv/versions/2.0.0-p247/lib/ruby/gems/2.0.0/specifications/rspec-expectations-2.14.4.gemspec
I, [2014-02-25T16:44:35.514404 #11371]  INFO -- : 0:  rspec-mocks (2.14.4) from /Users/duncan/.rbenv/versions/2.0.0-p247/lib/ruby/gems/2.0.0/specifications/rspec-mocks-2.14.4.gemspec
I, [2014-02-25T16:44:35.514824 #11371]  INFO -- : 0:  rspec (2.14.1) from /Users/duncan/.rbenv/versions/2.0.0-p247/lib/ruby/gems/2.0.0/specifications/rspec-2.14.1.gemspec
I, [2014-02-25T16:44:35.515264 #11371]  INFO -- : 0:  simple_oauth (0.2.0) from /Users/duncan/.rbenv/versions/2.0.0-p247/lib/ruby/gems/2.0.0/specifications/simple_oauth-0.2.0.gemspec
I, [2014-02-25T16:44:35.515690 #11371]  INFO -- : 0:  sqlite3 (1.3.8) from /Users/duncan/.rbenv/versions/2.0.0-p247/lib/ruby/gems/2.0.0/specifications/sqlite3-1.3.8.gemspec
I, [2014-02-25T16:44:35.516165 #11371]  INFO -- : 0:  standalone_migrations (2.1.1) from /Users/duncan/.rbenv/versions/2.0.0-p247/lib/ruby/gems/2.0.0/specifications/standalone_migrations-2.1.1.gemspec
I, [2014-02-25T16:44:35.516489 #11371]  INFO -- : 0:  twitter (5.7.1) from /Users/duncan/.rbenv/versions/2.0.0-p247/lib/ruby/gems/2.0.0/specifications/twitter-5.7.1.gemspec
I, [2014-02-25T16:44:35.516749 #11371]  INFO -- : 0:  bundler (1.5.1) from /Users/duncan/.rbenv/versions/2.0.0-p247/lib/ruby/gems/2.0.0/specifications/bundler-1.5.1.gemspec
I, [2014-02-26T12:55:50.456280 #18480]  INFO -- : 0:  rake (10.1.1) from /Users/duncan/.rbenv/versions/2.0.0-p247/lib/ruby/gems/2.0.0/specifications/rake-10.1.1.gemspec
I, [2014-02-26T12:55:50.457123 #18480]  INFO -- : 0:  i18n (0.6.9) from /Users/duncan/.rbenv/versions/2.0.0-p247/lib/ruby/gems/2.0.0/specifications/i18n-0.6.9.gemspec
I, [2014-02-26T12:55:50.457684 #18480]  INFO -- : 0:  multi_json (1.8.4) from /Users/duncan/.rbenv/versions/2.0.0-p247/lib/ruby/gems/2.0.0/specifications/multi_json-1.8.4.gemspec
I, [2014-02-26T12:55:50.458156 #18480]  INFO -- : 0:  activesupport (3.2.17) from /Users/duncan/.rbenv/versions/2.0.0-p247/lib/ruby/gems/2.0.0/specifications/activesupport-3.2.17.gemspec
I, [2014-02-26T12:55:50.458477 #18480]  INFO -- : 0:  builder (3.0.4) from /Users/duncan/.rbenv/versions/2.0.0-p247/lib/ruby/gems/2.0.0/specifications/builder-3.0.4.gemspec
I, [2014-02-26T12:55:50.458820 #18480]  INFO -- : 0:  activemodel (3.2.17) from /Users/duncan/.rbenv/versions/2.0.0-p247/lib/ruby/gems/2.0.0/specifications/activemodel-3.2.17.gemspec
I, [2014-02-26T12:55:50.467677 #18480]  INFO -- : 0:  erubis (2.7.0) from /Users/duncan/.rbenv/versions/2.0.0-p247/lib/ruby/gems/2.0.0/specifications/erubis-2.7.0.gemspec
I, [2014-02-26T12:55:50.468730 #18480]  INFO -- : 0:  journey (1.0.4) from /Users/duncan/.rbenv/versions/2.0.0-p247/lib/ruby/gems/2.0.0/specifications/journey-1.0.4.gemspec
I, [2014-02-26T12:55:50.469546 #18480]  INFO -- : 0:  rack (1.4.5) from /Users/duncan/.rbenv/versions/2.0.0-p247/lib/ruby/gems/2.0.0/specifications/rack-1.4.5.gemspec
I, [2014-02-26T12:55:50.470009 #18480]  INFO -- : 0:  rack-cache (1.2) from /Users/duncan/.rbenv/versions/2.0.0-p247/lib/ruby/gems/2.0.0/specifications/rack-cache-1.2.gemspec
I, [2014-02-26T12:55:50.470360 #18480]  INFO -- : 0:  rack-test (0.6.2) from /Users/duncan/.rbenv/versions/2.0.0-p247/lib/ruby/gems/2.0.0/specifications/rack-test-0.6.2.gemspec
I, [2014-02-26T12:55:50.470657 #18480]  INFO -- : 0:  hike (1.2.3) from /Users/duncan/.rbenv/versions/2.0.0-p247/lib/ruby/gems/2.0.0/specifications/hike-1.2.3.gemspec
I, [2014-02-26T12:55:50.470942 #18480]  INFO -- : 0:  tilt (1.4.1) from /Users/duncan/.rbenv/versions/2.0.0-p247/lib/ruby/gems/2.0.0/specifications/tilt-1.4.1.gemspec
I, [2014-02-26T12:55:50.471317 #18480]  INFO -- : 0:  sprockets (2.2.2) from /Users/duncan/.rbenv/versions/2.0.0-p247/lib/ruby/gems/2.0.0/specifications/sprockets-2.2.2.gemspec
I, [2014-02-26T12:55:50.471643 #18480]  INFO -- : 0:  actionpack (3.2.17) from /Users/duncan/.rbenv/versions/2.0.0-p247/lib/ruby/gems/2.0.0/specifications/actionpack-3.2.17.gemspec
I, [2014-02-26T12:55:50.471994 #18480]  INFO -- : 0:  arel (3.0.3) from /Users/duncan/.rbenv/versions/2.0.0-p247/lib/ruby/gems/2.0.0/specifications/arel-3.0.3.gemspec
I, [2014-02-26T12:55:50.472266 #18480]  INFO -- : 0:  tzinfo (0.3.38) from /Users/duncan/.rbenv/versions/2.0.0-p247/lib/ruby/gems/2.0.0/specifications/tzinfo-0.3.38.gemspec
I, [2014-02-26T12:55:50.472623 #18480]  INFO -- : 0:  activerecord (3.2.17) from /Users/duncan/.rbenv/versions/2.0.0-p247/lib/ruby/gems/2.0.0/specifications/activerecord-3.2.17.gemspec
I, [2014-02-26T12:55:50.472993 #18480]  INFO -- : 0:  addressable (2.3.5) from /Users/duncan/.rbenv/versions/2.0.0-p247/lib/ruby/gems/2.0.0/specifications/addressable-2.3.5.gemspec
I, [2014-02-26T12:55:50.473279 #18480]  INFO -- : 0:  atomic (1.1.14) from /Users/duncan/.rbenv/versions/2.0.0-p247/lib/ruby/gems/2.0.0/specifications/atomic-1.1.14.gemspec
I, [2014-02-26T12:55:50.473547 #18480]  INFO -- : 0:  bcrypt (3.1.7) from /Users/duncan/.rbenv/versions/2.0.0-p247/lib/ruby/gems/2.0.0/specifications/bcrypt-3.1.7.gemspec
I, [2014-02-26T12:55:50.473834 #18480]  INFO -- : 0:  bcrypt-ruby (3.1.5) from /Users/duncan/.rbenv/versions/2.0.0-p247/lib/ruby/gems/2.0.0/specifications/bcrypt-ruby-3.1.5.gemspec
I, [2014-02-26T12:55:50.474175 #18480]  INFO -- : 0:  buftok (0.2.0) from /Users/duncan/.rbenv/versions/2.0.0-p247/lib/ruby/gems/2.0.0/specifications/buftok-0.2.0.gemspec
I, [2014-02-26T12:55:50.474501 #18480]  INFO -- : 0:  data_objects (0.10.14) from /Users/duncan/.rbenv/versions/2.0.0-p247/lib/ruby/gems/2.0.0/specifications/data_objects-0.10.14.gemspec
I, [2014-02-26T12:55:50.474830 #18480]  INFO -- : 0:  database_cleaner (1.2.0) from /Users/duncan/.rbenv/versions/2.0.0-p247/lib/ruby/gems/2.0.0/specifications/database_cleaner-1.2.0.gemspec
I, [2014-02-26T12:55:50.475151 #18480]  INFO -- : 0:  dm-core (1.2.1) from /Users/duncan/.rbenv/versions/2.0.0-p247/lib/ruby/gems/2.0.0/specifications/dm-core-1.2.1.gemspec
I, [2014-02-26T12:55:50.475461 #18480]  INFO -- : 0:  dm-aggregates (1.2.0) from /Users/duncan/.rbenv/versions/2.0.0-p247/lib/ruby/gems/2.0.0/specifications/dm-aggregates-1.2.0.gemspec
I, [2014-02-26T12:55:50.475781 #18480]  INFO -- : 0:  dm-constraints (1.2.0) from /Users/duncan/.rbenv/versions/2.0.0-p247/lib/ruby/gems/2.0.0/specifications/dm-constraints-1.2.0.gemspec
I, [2014-02-26T12:55:50.476114 #18480]  INFO -- : 0:  dm-migrations (1.2.0) from /Users/duncan/.rbenv/versions/2.0.0-p247/lib/ruby/gems/2.0.0/specifications/dm-migrations-1.2.0.gemspec
I, [2014-02-26T12:55:50.476464 #18480]  INFO -- : 0:  fastercsv (1.5.5) from /Users/duncan/.rbenv/versions/2.0.0-p247/lib/ruby/gems/2.0.0/specifications/fastercsv-1.5.5.gemspec
I, [2014-02-26T12:55:50.476871 #18480]  INFO -- : 0:  json (1.8.1) from /Users/duncan/.rbenv/versions/2.0.0-p247/lib/ruby/gems/2.0.0/specifications/json-1.8.1.gemspec
I, [2014-02-26T12:55:50.477245 #18480]  INFO -- : 0:  json_pure (1.8.1) from /Users/duncan/.rbenv/versions/2.0.0-p247/lib/ruby/gems/2.0.0/specifications/json_pure-1.8.1.gemspec
I, [2014-02-26T12:55:50.477537 #18480]  INFO -- : 0:  dm-serializer (1.2.2) from /Users/duncan/.rbenv/versions/2.0.0-p247/lib/ruby/gems/2.0.0/specifications/dm-serializer-1.2.2.gemspec
I, [2014-02-26T12:55:50.477843 #18480]  INFO -- : 0:  dm-timestamps (1.2.0) from /Users/duncan/.rbenv/versions/2.0.0-p247/lib/ruby/gems/2.0.0/specifications/dm-timestamps-1.2.0.gemspec
I, [2014-02-26T12:55:50.478122 #18480]  INFO -- : 0:  dm-transactions (1.2.0) from /Users/duncan/.rbenv/versions/2.0.0-p247/lib/ruby/gems/2.0.0/specifications/dm-transactions-1.2.0.gemspec
I, [2014-02-26T12:55:50.478410 #18480]  INFO -- : 0:  stringex (1.5.1) from /Users/duncan/.rbenv/versions/2.0.0-p247/lib/ruby/gems/2.0.0/specifications/stringex-1.5.1.gemspec
I, [2014-02-26T12:55:50.478693 #18480]  INFO -- : 0:  uuidtools (2.1.4) from /Users/duncan/.rbenv/versions/2.0.0-p247/lib/ruby/gems/2.0.0/specifications/uuidtools-2.1.4.gemspec
I, [2014-02-26T12:55:50.478961 #18480]  INFO -- : 0:  dm-types (1.2.2) from /Users/duncan/.rbenv/versions/2.0.0-p247/lib/ruby/gems/2.0.0/specifications/dm-types-1.2.2.gemspec
I, [2014-02-26T12:55:50.479225 #18480]  INFO -- : 0:  dm-validations (1.2.0) from /Users/duncan/.rbenv/versions/2.0.0-p247/lib/ruby/gems/2.0.0/specifications/dm-validations-1.2.0.gemspec
I, [2014-02-26T12:55:50.479499 #18480]  INFO -- : 0:  datamapper (1.2.0) from /Users/duncan/.rbenv/versions/2.0.0-p247/lib/ruby/gems/2.0.0/specifications/datamapper-1.2.0.gemspec
I, [2014-02-26T12:55:50.479812 #18480]  INFO -- : 0:  diff-lcs (1.2.5) from /Users/duncan/.rbenv/versions/2.0.0-p247/lib/ruby/gems/2.0.0/specifications/diff-lcs-1.2.5.gemspec
I, [2014-02-26T12:55:50.480173 #18480]  INFO -- : 0:  dm-do-adapter (1.2.0) from /Users/duncan/.rbenv/versions/2.0.0-p247/lib/ruby/gems/2.0.0/specifications/dm-do-adapter-1.2.0.gemspec
I, [2014-02-26T12:55:50.480494 #18480]  INFO -- : 0:  do_sqlite3 (0.10.14) from /Users/duncan/.rbenv/versions/2.0.0-p247/lib/ruby/gems/2.0.0/specifications/do_sqlite3-0.10.14.gemspec
I, [2014-02-26T12:55:50.480790 #18480]  INFO -- : 0:  dm-sqlite-adapter (1.2.0) from /Users/duncan/.rbenv/versions/2.0.0-p247/lib/ruby/gems/2.0.0/specifications/dm-sqlite-adapter-1.2.0.gemspec
I, [2014-02-26T12:55:50.481114 #18480]  INFO -- : 0:  equalizer (0.0.9) from /Users/duncan/.rbenv/versions/2.0.0-p247/lib/ruby/gems/2.0.0/specifications/equalizer-0.0.9.gemspec
I, [2014-02-26T12:55:50.481425 #18480]  INFO -- : 0:  factory_girl (4.3.0) from /Users/duncan/.rbenv/versions/2.0.0-p247/lib/ruby/gems/2.0.0/specifications/factory_girl-4.3.0.gemspec
I, [2014-02-26T12:55:50.481713 #18480]  INFO -- : 0:  faker (1.2.0) from /Users/duncan/.rbenv/versions/2.0.0-p247/lib/ruby/gems/2.0.0/specifications/faker-1.2.0.gemspec
I, [2014-02-26T12:55:50.482039 #18480]  INFO -- : 0:  multipart-post (2.0.0) from /Users/duncan/.rbenv/versions/2.0.0-p247/lib/ruby/gems/2.0.0/specifications/multipart-post-2.0.0.gemspec
I, [2014-02-26T12:55:50.482327 #18480]  INFO -- : 0:  faraday (0.9.0) from /Users/duncan/.rbenv/versions/2.0.0-p247/lib/ruby/gems/2.0.0/specifications/faraday-0.9.0.gemspec
I, [2014-02-26T12:55:50.482709 #18480]  INFO -- : 0:  http_parser.rb (0.6.0) from /Users/duncan/.rbenv/versions/2.0.0-p247/lib/ruby/gems/2.0.0/specifications/http_parser.rb-0.6.0.gemspec
I, [2014-02-26T12:55:50.483055 #18480]  INFO -- : 0:  http (0.5.0) from /Users/duncan/.rbenv/versions/2.0.0-p247/lib/ruby/gems/2.0.0/specifications/http-0.5.0.gemspec
I, [2014-02-26T12:55:50.483396 #18480]  INFO -- : 0:  thread_safe (0.1.3) from /Users/duncan/.rbenv/versions/2.0.0-p247/lib/ruby/gems/2.0.0/specifications/thread_safe-0.1.3.gemspec
I, [2014-02-26T12:55:50.483718 #18480]  INFO -- : 0:  memoizable (0.4.0) from /Users/duncan/.rbenv/versions/2.0.0-p247/lib/ruby/gems/2.0.0/specifications/memoizable-0.4.0.gemspec
I, [2014-02-26T12:55:50.484030 #18480]  INFO -- : 0:  naught (1.0.0) from /Users/duncan/.rbenv/versions/2.0.0-p247/lib/ruby/gems/2.0.0/specifications/naught-1.0.0.gemspec
I, [2014-02-26T12:55:50.484338 #18480]  INFO -- : 0:  rack-ssl (1.3.3) from /Users/duncan/.rbenv/versions/2.0.0-p247/lib/ruby/gems/2.0.0/specifications/rack-ssl-1.3.3.gemspec
I, [2014-02-26T12:55:50.484673 #18480]  INFO -- : 0:  rdoc (3.12.2) from /Users/duncan/.rbenv/versions/2.0.0-p247/lib/ruby/gems/2.0.0/specifications/rdoc-3.12.2.gemspec
I, [2014-02-26T12:55:50.484976 #18480]  INFO -- : 0:  thor (0.18.1) from /Users/duncan/.rbenv/versions/2.0.0-p247/lib/ruby/gems/2.0.0/specifications/thor-0.18.1.gemspec
I, [2014-02-26T12:55:50.485299 #18480]  INFO -- : 0:  railties (3.2.17) from /Users/duncan/.rbenv/versions/2.0.0-p247/lib/ruby/gems/2.0.0/specifications/railties-3.2.17.gemspec
I, [2014-02-26T12:55:50.485688 #18480]  INFO -- : 0:  rspec-core (2.14.7) from /Users/duncan/.rbenv/versions/2.0.0-p247/lib/ruby/gems/2.0.0/specifications/rspec-core-2.14.7.gemspec
I, [2014-02-26T12:55:50.486022 #18480]  INFO -- : 0:  rspec-expectations (2.14.4) from /Users/duncan/.rbenv/versions/2.0.0-p247/lib/ruby/gems/2.0.0/specifications/rspec-expectations-2.14.4.gemspec
I, [2014-02-26T12:55:50.486334 #18480]  INFO -- : 0:  rspec-mocks (2.14.4) from /Users/duncan/.rbenv/versions/2.0.0-p247/lib/ruby/gems/2.0.0/specifications/rspec-mocks-2.14.4.gemspec
I, [2014-02-26T12:55:50.486661 #18480]  INFO -- : 0:  rspec (2.14.1) from /Users/duncan/.rbenv/versions/2.0.0-p247/lib/ruby/gems/2.0.0/specifications/rspec-2.14.1.gemspec
I, [2014-02-26T12:55:50.487014 #18480]  INFO -- : 0:  simple_oauth (0.2.0) from /Users/duncan/.rbenv/versions/2.0.0-p247/lib/ruby/gems/2.0.0/specifications/simple_oauth-0.2.0.gemspec
I, [2014-02-26T12:55:50.487319 #18480]  INFO -- : 0:  sqlite3 (1.3.8) from /Users/duncan/.rbenv/versions/2.0.0-p247/lib/ruby/gems/2.0.0/specifications/sqlite3-1.3.8.gemspec
I, [2014-02-26T12:55:50.487615 #18480]  INFO -- : 0:  standalone_migrations (2.1.1) from /Users/duncan/.rbenv/versions/2.0.0-p247/lib/ruby/gems/2.0.0/specifications/standalone_migrations-2.1.1.gemspec
I, [2014-02-26T12:55:50.487891 #18480]  INFO -- : 0:  twitter (5.7.1) from /Users/duncan/.rbenv/versions/2.0.0-p247/lib/ruby/gems/2.0.0/specifications/twitter-5.7.1.gemspec
I, [2014-02-26T12:55:50.488133 #18480]  INFO -- : 0:  bundler (1.5.1) from /Users/duncan/.rbenv/versions/2.0.0-p247/lib/ruby/gems/2.0.0/specifications/bundler-1.5.1.gemspec
I, [2014-02-26T12:56:23.184265 #18648]  INFO -- : 0:  i18n (0.6.9) from /Users/duncan/.rbenv/versions/2.0.0-p247/lib/ruby/gems/2.0.0/specifications/i18n-0.6.9.gemspec
I, [2014-02-26T12:56:23.184743 #18648]  INFO -- : 0:  multi_json (1.8.4) from /Users/duncan/.rbenv/versions/2.0.0-p247/lib/ruby/gems/2.0.0/specifications/multi_json-1.8.4.gemspec
I, [2014-02-26T12:56:23.185049 #18648]  INFO -- : 0:  activesupport (3.2.17) from /Users/duncan/.rbenv/versions/2.0.0-p247/lib/ruby/gems/2.0.0/specifications/activesupport-3.2.17.gemspec
I, [2014-02-26T12:56:23.185345 #18648]  INFO -- : 0:  addressable (2.3.5) from /Users/duncan/.rbenv/versions/2.0.0-p247/lib/ruby/gems/2.0.0/specifications/addressable-2.3.5.gemspec
I, [2014-02-26T12:56:23.185624 #18648]  INFO -- : 0:  atomic (1.1.14) from /Users/duncan/.rbenv/versions/2.0.0-p247/lib/ruby/gems/2.0.0/specifications/atomic-1.1.14.gemspec
I, [2014-02-26T12:56:23.185897 #18648]  INFO -- : 0:  bcrypt (3.1.7) from /Users/duncan/.rbenv/versions/2.0.0-p247/lib/ruby/gems/2.0.0/specifications/bcrypt-3.1.7.gemspec
I, [2014-02-26T12:56:23.186174 #18648]  INFO -- : 0:  bcrypt-ruby (3.1.5) from /Users/duncan/.rbenv/versions/2.0.0-p247/lib/ruby/gems/2.0.0/specifications/bcrypt-ruby-3.1.5.gemspec
I, [2014-02-26T12:56:23.186466 #18648]  INFO -- : 0:  buftok (0.2.0) from /Users/duncan/.rbenv/versions/2.0.0-p247/lib/ruby/gems/2.0.0/specifications/buftok-0.2.0.gemspec
I, [2014-02-26T12:56:23.186724 #18648]  INFO -- : 0:  data_objects (0.10.14) from /Users/duncan/.rbenv/versions/2.0.0-p247/lib/ruby/gems/2.0.0/specifications/data_objects-0.10.14.gemspec
I, [2014-02-26T12:56:23.187014 #18648]  INFO -- : 0:  database_cleaner (1.2.0) from /Users/duncan/.rbenv/versions/2.0.0-p247/lib/ruby/gems/2.0.0/specifications/database_cleaner-1.2.0.gemspec
I, [2014-02-26T12:56:23.187319 #18648]  INFO -- : 0:  dm-core (1.2.1) from /Users/duncan/.rbenv/versions/2.0.0-p247/lib/ruby/gems/2.0.0/specifications/dm-core-1.2.1.gemspec
I, [2014-02-26T12:56:23.187669 #18648]  INFO -- : 0:  dm-aggregates (1.2.0) from /Users/duncan/.rbenv/versions/2.0.0-p247/lib/ruby/gems/2.0.0/specifications/dm-aggregates-1.2.0.gemspec
I, [2014-02-26T12:56:23.187969 #18648]  INFO -- : 0:  dm-constraints (1.2.0) from /Users/duncan/.rbenv/versions/2.0.0-p247/lib/ruby/gems/2.0.0/specifications/dm-constraints-1.2.0.gemspec
I, [2014-02-26T12:56:23.188333 #18648]  INFO -- : 0:  dm-migrations (1.2.0) from /Users/duncan/.rbenv/versions/2.0.0-p247/lib/ruby/gems/2.0.0/specifications/dm-migrations-1.2.0.gemspec
I, [2014-02-26T12:56:23.188660 #18648]  INFO -- : 0:  fastercsv (1.5.5) from /Users/duncan/.rbenv/versions/2.0.0-p247/lib/ruby/gems/2.0.0/specifications/fastercsv-1.5.5.gemspec
I, [2014-02-26T12:56:23.188967 #18648]  INFO -- : 0:  json (1.8.1) from /Users/duncan/.rbenv/versions/2.0.0-p247/lib/ruby/gems/2.0.0/specifications/json-1.8.1.gemspec
I, [2014-02-26T12:56:23.189266 #18648]  INFO -- : 0:  json_pure (1.8.1) from /Users/duncan/.rbenv/versions/2.0.0-p247/lib/ruby/gems/2.0.0/specifications/json_pure-1.8.1.gemspec
I, [2014-02-26T12:56:23.196285 #18648]  INFO -- : 0:  dm-serializer (1.2.2) from /Users/duncan/.rbenv/versions/2.0.0-p247/lib/ruby/gems/2.0.0/specifications/dm-serializer-1.2.2.gemspec
I, [2014-02-26T12:56:23.196638 #18648]  INFO -- : 0:  dm-timestamps (1.2.0) from /Users/duncan/.rbenv/versions/2.0.0-p247/lib/ruby/gems/2.0.0/specifications/dm-timestamps-1.2.0.gemspec
I, [2014-02-26T12:56:23.196962 #18648]  INFO -- : 0:  dm-transactions (1.2.0) from /Users/duncan/.rbenv/versions/2.0.0-p247/lib/ruby/gems/2.0.0/specifications/dm-transactions-1.2.0.gemspec
I, [2014-02-26T12:56:23.197255 #18648]  INFO -- : 0:  stringex (1.5.1) from /Users/duncan/.rbenv/versions/2.0.0-p247/lib/ruby/gems/2.0.0/specifications/stringex-1.5.1.gemspec
I, [2014-02-26T12:56:23.197562 #18648]  INFO -- : 0:  uuidtools (2.1.4) from /Users/duncan/.rbenv/versions/2.0.0-p247/lib/ruby/gems/2.0.0/specifications/uuidtools-2.1.4.gemspec
I, [2014-02-26T12:56:23.197831 #18648]  INFO -- : 0:  dm-types (1.2.2) from /Users/duncan/.rbenv/versions/2.0.0-p247/lib/ruby/gems/2.0.0/specifications/dm-types-1.2.2.gemspec
I, [2014-02-26T12:56:23.198091 #18648]  INFO -- : 0:  dm-validations (1.2.0) from /Users/duncan/.rbenv/versions/2.0.0-p247/lib/ruby/gems/2.0.0/specifications/dm-validations-1.2.0.gemspec
I, [2014-02-26T12:56:23.198370 #18648]  INFO -- : 0:  datamapper (1.2.0) from /Users/duncan/.rbenv/versions/2.0.0-p247/lib/ruby/gems/2.0.0/specifications/datamapper-1.2.0.gemspec
I, [2014-02-26T12:56:23.198664 #18648]  INFO -- : 0:  diff-lcs (1.2.5) from /Users/duncan/.rbenv/versions/2.0.0-p247/lib/ruby/gems/2.0.0/specifications/diff-lcs-1.2.5.gemspec
I, [2014-02-26T12:56:23.198924 #18648]  INFO -- : 0:  dm-do-adapter (1.2.0) from /Users/duncan/.rbenv/versions/2.0.0-p247/lib/ruby/gems/2.0.0/specifications/dm-do-adapter-1.2.0.gemspec
I, [2014-02-26T12:56:23.199206 #18648]  INFO -- : 0:  do_sqlite3 (0.10.14) from /Users/duncan/.rbenv/versions/2.0.0-p247/lib/ruby/gems/2.0.0/specifications/do_sqlite3-0.10.14.gemspec
I, [2014-02-26T12:56:23.199480 #18648]  INFO -- : 0:  dm-sqlite-adapter (1.2.0) from /Users/duncan/.rbenv/versions/2.0.0-p247/lib/ruby/gems/2.0.0/specifications/dm-sqlite-adapter-1.2.0.gemspec
I, [2014-02-26T12:56:23.199755 #18648]  INFO -- : 0:  equalizer (0.0.9) from /Users/duncan/.rbenv/versions/2.0.0-p247/lib/ruby/gems/2.0.0/specifications/equalizer-0.0.9.gemspec
I, [2014-02-26T12:56:23.200049 #18648]  INFO -- : 0:  factory_girl (4.3.0) from /Users/duncan/.rbenv/versions/2.0.0-p247/lib/ruby/gems/2.0.0/specifications/factory_girl-4.3.0.gemspec
I, [2014-02-26T12:56:23.200342 #18648]  INFO -- : 0:  faker (1.2.0) from /Users/duncan/.rbenv/versions/2.0.0-p247/lib/ruby/gems/2.0.0/specifications/faker-1.2.0.gemspec
I, [2014-02-26T12:56:23.200629 #18648]  INFO -- : 0:  multipart-post (2.0.0) from /Users/duncan/.rbenv/versions/2.0.0-p247/lib/ruby/gems/2.0.0/specifications/multipart-post-2.0.0.gemspec
I, [2014-02-26T12:56:23.200907 #18648]  INFO -- : 0:  faraday (0.9.0) from /Users/duncan/.rbenv/versions/2.0.0-p247/lib/ruby/gems/2.0.0/specifications/faraday-0.9.0.gemspec
I, [2014-02-26T12:56:23.201184 #18648]  INFO -- : 0:  http_parser.rb (0.6.0) from /Users/duncan/.rbenv/versions/2.0.0-p247/lib/ruby/gems/2.0.0/specifications/http_parser.rb-0.6.0.gemspec
I, [2014-02-26T12:56:23.201468 #18648]  INFO -- : 0:  http (0.5.0) from /Users/duncan/.rbenv/versions/2.0.0-p247/lib/ruby/gems/2.0.0/specifications/http-0.5.0.gemspec
I, [2014-02-26T12:56:23.201745 #18648]  INFO -- : 0:  thread_safe (0.1.3) from /Users/duncan/.rbenv/versions/2.0.0-p247/lib/ruby/gems/2.0.0/specifications/thread_safe-0.1.3.gemspec
I, [2014-02-26T12:56:23.202021 #18648]  INFO -- : 0:  memoizable (0.4.0) from /Users/duncan/.rbenv/versions/2.0.0-p247/lib/ruby/gems/2.0.0/specifications/memoizable-0.4.0.gemspec
I, [2014-02-26T12:56:23.202301 #18648]  INFO -- : 0:  naught (1.0.0) from /Users/duncan/.rbenv/versions/2.0.0-p247/lib/ruby/gems/2.0.0/specifications/naught-1.0.0.gemspec
I, [2014-02-26T12:56:23.202589 #18648]  INFO -- : 0:  rspec-core (2.14.7) from /Users/duncan/.rbenv/versions/2.0.0-p247/lib/ruby/gems/2.0.0/specifications/rspec-core-2.14.7.gemspec
I, [2014-02-26T12:56:23.202873 #18648]  INFO -- : 0:  rspec-expectations (2.14.4) from /Users/duncan/.rbenv/versions/2.0.0-p247/lib/ruby/gems/2.0.0/specifications/rspec-expectations-2.14.4.gemspec
I, [2014-02-26T12:56:23.203170 #18648]  INFO -- : 0:  rspec-mocks (2.14.4) from /Users/duncan/.rbenv/versions/2.0.0-p247/lib/ruby/gems/2.0.0/specifications/rspec-mocks-2.14.4.gemspec
I, [2014-02-26T12:56:23.203458 #18648]  INFO -- : 0:  rspec (2.14.1) from /Users/duncan/.rbenv/versions/2.0.0-p247/lib/ruby/gems/2.0.0/specifications/rspec-2.14.1.gemspec
I, [2014-02-26T12:56:23.203753 #18648]  INFO -- : 0:  simple_oauth (0.2.0) from /Users/duncan/.rbenv/versions/2.0.0-p247/lib/ruby/gems/2.0.0/specifications/simple_oauth-0.2.0.gemspec
I, [2014-02-26T12:56:23.204037 #18648]  INFO -- : 0:  sqlite3 (1.3.8) from /Users/duncan/.rbenv/versions/2.0.0-p247/lib/ruby/gems/2.0.0/specifications/sqlite3-1.3.8.gemspec
I, [2014-02-26T12:56:23.204330 #18648]  INFO -- : 0:  twitter (5.7.1) from /Users/duncan/.rbenv/versions/2.0.0-p247/lib/ruby/gems/2.0.0/specifications/twitter-5.7.1.gemspec
I, [2014-02-26T12:56:23.204614 #18648]  INFO -- : 0:  bundler (1.5.1) from /Users/duncan/.rbenv/versions/2.0.0-p247/lib/ruby/gems/2.0.0/specifications/bundler-1.5.1.gemspec
I, [2014-02-26T13:00:46.694873 #18696]  INFO -- : 0:  i18n (0.6.9) from /Users/duncan/.rbenv/versions/2.0.0-p247/lib/ruby/gems/2.0.0/specifications/i18n-0.6.9.gemspec
I, [2014-02-26T13:00:46.695320 #18696]  INFO -- : 0:  multi_json (1.8.4) from /Users/duncan/.rbenv/versions/2.0.0-p247/lib/ruby/gems/2.0.0/specifications/multi_json-1.8.4.gemspec
I, [2014-02-26T13:00:46.695629 #18696]  INFO -- : 0:  activesupport (3.2.17) from /Users/duncan/.rbenv/versions/2.0.0-p247/lib/ruby/gems/2.0.0/specifications/activesupport-3.2.17.gemspec
I, [2014-02-26T13:00:46.695916 #18696]  INFO -- : 0:  addressable (2.3.5) from /Users/duncan/.rbenv/versions/2.0.0-p247/lib/ruby/gems/2.0.0/specifications/addressable-2.3.5.gemspec
I, [2014-02-26T13:00:46.696186 #18696]  INFO -- : 0:  atomic (1.1.14) from /Users/duncan/.rbenv/versions/2.0.0-p247/lib/ruby/gems/2.0.0/specifications/atomic-1.1.14.gemspec
I, [2014-02-26T13:00:46.696447 #18696]  INFO -- : 0:  bcrypt (3.1.7) from /Users/duncan/.rbenv/versions/2.0.0-p247/lib/ruby/gems/2.0.0/specifications/bcrypt-3.1.7.gemspec
I, [2014-02-26T13:00:46.696727 #18696]  INFO -- : 0:  bcrypt-ruby (3.1.5) from /Users/duncan/.rbenv/versions/2.0.0-p247/lib/ruby/gems/2.0.0/specifications/bcrypt-ruby-3.1.5.gemspec
I, [2014-02-26T13:00:46.696980 #18696]  INFO -- : 0:  buftok (0.2.0) from /Users/duncan/.rbenv/versions/2.0.0-p247/lib/ruby/gems/2.0.0/specifications/buftok-0.2.0.gemspec
I, [2014-02-26T13:00:46.697234 #18696]  INFO -- : 0:  data_objects (0.10.14) from /Users/duncan/.rbenv/versions/2.0.0-p247/lib/ruby/gems/2.0.0/specifications/data_objects-0.10.14.gemspec
I, [2014-02-26T13:00:46.697487 #18696]  INFO -- : 0:  database_cleaner (1.2.0) from /Users/duncan/.rbenv/versions/2.0.0-p247/lib/ruby/gems/2.0.0/specifications/database_cleaner-1.2.0.gemspec
I, [2014-02-26T13:00:46.697737 #18696]  INFO -- : 0:  dm-core (1.2.1) from /Users/duncan/.rbenv/versions/2.0.0-p247/lib/ruby/gems/2.0.0/specifications/dm-core-1.2.1.gemspec
I, [2014-02-26T13:00:46.697983 #18696]  INFO -- : 0:  dm-aggregates (1.2.0) from /Users/duncan/.rbenv/versions/2.0.0-p247/lib/ruby/gems/2.0.0/specifications/dm-aggregates-1.2.0.gemspec
I, [2014-02-26T13:00:46.698230 #18696]  INFO -- : 0:  dm-constraints (1.2.0) from /Users/duncan/.rbenv/versions/2.0.0-p247/lib/ruby/gems/2.0.0/specifications/dm-constraints-1.2.0.gemspec
I, [2014-02-26T13:00:46.698476 #18696]  INFO -- : 0:  dm-migrations (1.2.0) from /Users/duncan/.rbenv/versions/2.0.0-p247/lib/ruby/gems/2.0.0/specifications/dm-migrations-1.2.0.gemspec
I, [2014-02-26T13:00:46.698722 #18696]  INFO -- : 0:  fastercsv (1.5.5) from /Users/duncan/.rbenv/versions/2.0.0-p247/lib/ruby/gems/2.0.0/specifications/fastercsv-1.5.5.gemspec
I, [2014-02-26T13:00:46.698979 #18696]  INFO -- : 0:  json (1.8.1) from /Users/duncan/.rbenv/versions/2.0.0-p247/lib/ruby/gems/2.0.0/specifications/json-1.8.1.gemspec
I, [2014-02-26T13:00:46.699231 #18696]  INFO -- : 0:  json_pure (1.8.1) from /Users/duncan/.rbenv/versions/2.0.0-p247/lib/ruby/gems/2.0.0/specifications/json_pure-1.8.1.gemspec
I, [2014-02-26T13:00:46.699482 #18696]  INFO -- : 0:  dm-serializer (1.2.2) from /Users/duncan/.rbenv/versions/2.0.0-p247/lib/ruby/gems/2.0.0/specifications/dm-serializer-1.2.2.gemspec
I, [2014-02-26T13:00:46.699735 #18696]  INFO -- : 0:  dm-timestamps (1.2.0) from /Users/duncan/.rbenv/versions/2.0.0-p247/lib/ruby/gems/2.0.0/specifications/dm-timestamps-1.2.0.gemspec
I, [2014-02-26T13:00:46.699986 #18696]  INFO -- : 0:  dm-transactions (1.2.0) from /Users/duncan/.rbenv/versions/2.0.0-p247/lib/ruby/gems/2.0.0/specifications/dm-transactions-1.2.0.gemspec
I, [2014-02-26T13:00:46.706104 #18696]  INFO -- : 0:  stringex (1.5.1) from /Users/duncan/.rbenv/versions/2.0.0-p247/lib/ruby/gems/2.0.0/specifications/stringex-1.5.1.gemspec
I, [2014-02-26T13:00:46.706478 #18696]  INFO -- : 0:  uuidtools (2.1.4) from /Users/duncan/.rbenv/versions/2.0.0-p247/lib/ruby/gems/2.0.0/specifications/uuidtools-2.1.4.gemspec
I, [2014-02-26T13:00:46.706804 #18696]  INFO -- : 0:  dm-types (1.2.2) from /Users/duncan/.rbenv/versions/2.0.0-p247/lib/ruby/gems/2.0.0/specifications/dm-types-1.2.2.gemspec
I, [2014-02-26T13:00:46.707109 #18696]  INFO -- : 0:  dm-validations (1.2.0) from /Users/duncan/.rbenv/versions/2.0.0-p247/lib/ruby/gems/2.0.0/specifications/dm-validations-1.2.0.gemspec
I, [2014-02-26T13:00:46.707417 #18696]  INFO -- : 0:  datamapper (1.2.0) from /Users/duncan/.rbenv/versions/2.0.0-p247/lib/ruby/gems/2.0.0/specifications/datamapper-1.2.0.gemspec
I, [2014-02-26T13:00:46.707687 #18696]  INFO -- : 0:  diff-lcs (1.2.5) from /Users/duncan/.rbenv/versions/2.0.0-p247/lib/ruby/gems/2.0.0/specifications/diff-lcs-1.2.5.gemspec
I, [2014-02-26T13:00:46.707966 #18696]  INFO -- : 0:  dm-do-adapter (1.2.0) from /Users/duncan/.rbenv/versions/2.0.0-p247/lib/ruby/gems/2.0.0/specifications/dm-do-adapter-1.2.0.gemspec
I, [2014-02-26T13:00:46.708229 #18696]  INFO -- : 0:  do_sqlite3 (0.10.14) from /Users/duncan/.rbenv/versions/2.0.0-p247/lib/ruby/gems/2.0.0/specifications/do_sqlite3-0.10.14.gemspec
I, [2014-02-26T13:00:46.708501 #18696]  INFO -- : 0:  dm-sqlite-adapter (1.2.0) from /Users/duncan/.rbenv/versions/2.0.0-p247/lib/ruby/gems/2.0.0/specifications/dm-sqlite-adapter-1.2.0.gemspec
I, [2014-02-26T13:00:46.708781 #18696]  INFO -- : 0:  equalizer (0.0.9) from /Users/duncan/.rbenv/versions/2.0.0-p247/lib/ruby/gems/2.0.0/specifications/equalizer-0.0.9.gemspec
I, [2014-02-26T13:00:46.709049 #18696]  INFO -- : 0:  factory_girl (4.3.0) from /Users/duncan/.rbenv/versions/2.0.0-p247/lib/ruby/gems/2.0.0/specifications/factory_girl-4.3.0.gemspec
I, [2014-02-26T13:00:46.709304 #18696]  INFO -- : 0:  faker (1.2.0) from /Users/duncan/.rbenv/versions/2.0.0-p247/lib/ruby/gems/2.0.0/specifications/faker-1.2.0.gemspec
I, [2014-02-26T13:00:46.709579 #18696]  INFO -- : 0:  multipart-post (2.0.0) from /Users/duncan/.rbenv/versions/2.0.0-p247/lib/ruby/gems/2.0.0/specifications/multipart-post-2.0.0.gemspec
I, [2014-02-26T13:00:46.709839 #18696]  INFO -- : 0:  faraday (0.9.0) from /Users/duncan/.rbenv/versions/2.0.0-p247/lib/ruby/gems/2.0.0/specifications/faraday-0.9.0.gemspec
I, [2014-02-26T13:00:46.710119 #18696]  INFO -- : 0:  http_parser.rb (0.6.0) from /Users/duncan/.rbenv/versions/2.0.0-p247/lib/ruby/gems/2.0.0/specifications/http_parser.rb-0.6.0.gemspec
I, [2014-02-26T13:00:46.710374 #18696]  INFO -- : 0:  http (0.5.0) from /Users/duncan/.rbenv/versions/2.0.0-p247/lib/ruby/gems/2.0.0/specifications/http-0.5.0.gemspec
I, [2014-02-26T13:00:46.710639 #18696]  INFO -- : 0:  thread_safe (0.1.3) from /Users/duncan/.rbenv/versions/2.0.0-p247/lib/ruby/gems/2.0.0/specifications/thread_safe-0.1.3.gemspec
I, [2014-02-26T13:00:46.710903 #18696]  INFO -- : 0:  memoizable (0.4.0) from /Users/duncan/.rbenv/versions/2.0.0-p247/lib/ruby/gems/2.0.0/specifications/memoizable-0.4.0.gemspec
I, [2014-02-26T13:00:46.711171 #18696]  INFO -- : 0:  naught (1.0.0) from /Users/duncan/.rbenv/versions/2.0.0-p247/lib/ruby/gems/2.0.0/specifications/naught-1.0.0.gemspec
I, [2014-02-26T13:00:46.711418 #18696]  INFO -- : 0:  rspec-core (2.14.7) from /Users/duncan/.rbenv/versions/2.0.0-p247/lib/ruby/gems/2.0.0/specifications/rspec-core-2.14.7.gemspec
I, [2014-02-26T13:00:46.711682 #18696]  INFO -- : 0:  rspec-expectations (2.14.4) from /Users/duncan/.rbenv/versions/2.0.0-p247/lib/ruby/gems/2.0.0/specifications/rspec-expectations-2.14.4.gemspec
I, [2014-02-26T13:00:46.711955 #18696]  INFO -- : 0:  rspec-mocks (2.14.4) from /Users/duncan/.rbenv/versions/2.0.0-p247/lib/ruby/gems/2.0.0/specifications/rspec-mocks-2.14.4.gemspec
I, [2014-02-26T13:00:46.712225 #18696]  INFO -- : 0:  rspec (2.14.1) from /Users/duncan/.rbenv/versions/2.0.0-p247/lib/ruby/gems/2.0.0/specifications/rspec-2.14.1.gemspec
I, [2014-02-26T13:00:46.712507 #18696]  INFO -- : 0:  simple_oauth (0.2.0) from /Users/duncan/.rbenv/versions/2.0.0-p247/lib/ruby/gems/2.0.0/specifications/simple_oauth-0.2.0.gemspec
I, [2014-02-26T13:00:46.712770 #18696]  INFO -- : 0:  sqlite3 (1.3.8) from /Users/duncan/.rbenv/versions/2.0.0-p247/lib/ruby/gems/2.0.0/specifications/sqlite3-1.3.8.gemspec
I, [2014-02-26T13:00:46.713027 #18696]  INFO -- : 0:  twitter (5.7.1) from /Users/duncan/.rbenv/versions/2.0.0-p247/lib/ruby/gems/2.0.0/specifications/twitter-5.7.1.gemspec
I, [2014-02-26T13:00:46.713259 #18696]  INFO -- : 0:  bundler (1.5.1) from /Users/duncan/.rbenv/versions/2.0.0-p247/lib/ruby/gems/2.0.0/specifications/bundler-1.5.1.gemspec
